<?xml version="1.0" encoding="UTF-8"?>
<testsuites>
  <testsuite name="" tests="1427" assertions="6916" failures="1" errors="0" time="90.120173">
    <testsuite name="Tests_Actions" file="/var/www/wordpress-unit-tests/tests/actions.php" fullPackage="Tests" tests="13" assertions="42" failures="0" errors="0" time="0.847305">
      <testcase name="test_simple_action" class="Tests_Actions" file="/var/www/wordpress-unit-tests/tests/actions.php" line="10" assertions="3" time="0.006429"/>
      <testcase name="test_remove_action" class="Tests_Actions" file="/var/www/wordpress-unit-tests/tests/actions.php" line="26" assertions="4" time="0.002323"/>
      <testcase name="test_has_action" class="Tests_Actions" file="/var/www/wordpress-unit-tests/tests/actions.php" line="45" assertions="6" time="0.002230"/>
      <testcase name="test_multiple_actions" class="Tests_Actions" file="/var/www/wordpress-unit-tests/tests/actions.php" line="60" assertions="2" time="0.001741"/>
      <testcase name="test_action_args_1" class="Tests_Actions" file="/var/www/wordpress-unit-tests/tests/actions.php" line="76" assertions="2" time="0.002021"/>
      <testcase name="test_action_args_2" class="Tests_Actions" file="/var/www/wordpress-unit-tests/tests/actions.php" line="89" assertions="4" time="0.002704"/>
      <testcase name="test_action_priority" class="Tests_Actions" file="/var/www/wordpress-unit-tests/tests/actions.php" line="111" assertions="2" time="0.003000"/>
      <testcase name="test_did_action" class="Tests_Actions" file="/var/www/wordpress-unit-tests/tests/actions.php" line="140" assertions="4" time="0.002033"/>
      <testcase name="test_all_action" class="Tests_Actions" file="/var/www/wordpress-unit-tests/tests/actions.php" line="160" assertions="4" time="0.002740"/>
      <testcase name="test_remove_all_action" class="Tests_Actions" file="/var/www/wordpress-unit-tests/tests/actions.php" line="184" assertions="6" time="0.002386"/>
      <testcase name="test_action_ref_array" class="Tests_Actions" file="/var/www/wordpress-unit-tests/tests/actions.php" line="204" assertions="2" time="0.001988"/>
      <testcase name="test_action_keyed_array" class="Tests_Actions" file="/var/www/wordpress-unit-tests/tests/actions.php" line="223" assertions="2" time="0.815775"/>
      <testcase name="test_action_self_removal" class="Tests_Actions" file="/var/www/wordpress-unit-tests/tests/actions.php" line="244" assertions="1" time="0.001936"/>
    </testsuite>
    <testsuite name="Tests_Admin_includesFile" file="/var/www/wordpress-unit-tests/tests/admin/includesFile.php" fullPackage="Tests.Admin" tests="1" assertions="4" failures="0" errors="0" time="0.037720">
      <testcase name="test_get_home_path" class="Tests_Admin_includesFile" file="/var/www/wordpress-unit-tests/tests/admin/includesFile.php" line="16" assertions="4" time="0.037720"/>
    </testsuite>
    <testsuite name="Tests_Admin_includesMisc" file="/var/www/wordpress-unit-tests/tests/admin/includesMisc.php" fullPackage="Tests.Admin" tests="1" assertions="5" failures="0" errors="0" time="0.002202">
      <testcase name="test_shorten_url" class="Tests_Admin_includesMisc" file="/var/www/wordpress-unit-tests/tests/admin/includesMisc.php" line="7" assertions="5" time="0.002202"/>
    </testsuite>
    <testsuite name="Tests_Admin_includesPlugin" file="/var/www/wordpress-unit-tests/tests/admin/includesPlugin.php" fullPackage="Tests.Admin" tests="2" assertions="27" failures="0" errors="0" time="0.058454">
      <testcase name="test_get_plugin_data" class="Tests_Admin_includesPlugin" file="/var/www/wordpress-unit-tests/tests/admin/includesPlugin.php" line="7" assertions="19" time="0.006016"/>
      <testcase name="test_menu_page_url" class="Tests_Admin_includesPlugin" file="/var/www/wordpress-unit-tests/tests/admin/includesPlugin.php" line="30" assertions="8" time="0.052438"/>
    </testsuite>
    <testsuite name="Tests_Admin_includesPost" file="/var/www/wordpress-unit-tests/tests/admin/includesPost.php" fullPackage="Tests.Admin" tests="2" assertions="24" failures="0" errors="0" time="0.193846">
      <testcase name="test__wp_translate_postdata_cap_checks_contributor" class="Tests_Admin_includesPost" file="/var/www/wordpress-unit-tests/tests/admin/includesPost.php" line="8" assertions="12" time="0.097126"/>
      <testcase name="test__wp_translate_postdata_cap_checks_editor" class="Tests_Admin_includesPost" file="/var/www/wordpress-unit-tests/tests/admin/includesPost.php" line="63" assertions="12" time="0.096720"/>
    </testsuite>
    <testsuite name="Tests_Admin_includesScreen" file="/var/www/wordpress-unit-tests/tests/admin/includesScreen.php" fullPackage="Tests.Admin" tests="8" assertions="296" failures="0" errors="0" time="0.028696">
      <testcase name="test_set_current_screen_with_hook_suffix" class="Tests_Admin_includesScreen" file="/var/www/wordpress-unit-tests/tests/admin/includesScreen.php" line="45" assertions="254" time="0.015068"/>
      <testcase name="test_post_type_as_hookname" class="Tests_Admin_includesScreen" file="/var/www/wordpress-unit-tests/tests/admin/includesScreen.php" line="94" assertions="3" time="0.000872"/>
      <testcase name="test_post_type_with_special_suffix_as_hookname" class="Tests_Admin_includesScreen" file="/var/www/wordpress-unit-tests/tests/admin/includesScreen.php" line="101" assertions="6" time="0.002272"/>
      <testcase name="test_taxonomy_with_special_suffix_as_hookname" class="Tests_Admin_includesScreen" file="/var/www/wordpress-unit-tests/tests/admin/includesScreen.php" line="114" assertions="3" time="0.001989"/>
      <testcase name="test_post_type_with_edit_prefix" class="Tests_Admin_includesScreen" file="/var/www/wordpress-unit-tests/tests/admin/includesScreen.php" line="122" assertions="6" time="0.002187"/>
      <testcase name="test_post_type_edit_collisions" class="Tests_Admin_includesScreen" file="/var/www/wordpress-unit-tests/tests/admin/includesScreen.php" line="135" assertions="4" time="0.003122"/>
      <testcase name="test_help_tabs" class="Tests_Admin_includesScreen" file="/var/www/wordpress-unit-tests/tests/admin/includesScreen.php" line="155" assertions="4" time="0.001950"/>
      <testcase name="test_in_admin" class="Tests_Admin_includesScreen" file="/var/www/wordpress-unit-tests/tests/admin/includesScreen.php" line="178" assertions="16" time="0.001236"/>
    </testsuite>
    <testsuite name="Tests_Admin_includesTemplate" file="/var/www/wordpress-unit-tests/tests/admin/includesTemplate.php" fullPackage="Tests.Admin" tests="2" assertions="26" failures="0" errors="0" time="0.005265">
      <testcase name="test_equal" class="Tests_Admin_includesTemplate" file="/var/www/wordpress-unit-tests/tests/admin/includesTemplate.php" line="6" assertions="20" time="0.003313"/>
      <testcase name="test_notequal" class="Tests_Admin_includesTemplate" file="/var/www/wordpress-unit-tests/tests/admin/includesTemplate.php" line="38" assertions="6" time="0.001952"/>
    </testsuite>
    <testsuite name="Tests_Admin_includesTheme" file="/var/www/wordpress-unit-tests/tests/admin/includesTheme.php" fullPackage="Tests.Admin" tests="1" assertions="5" failures="0" errors="0" time="0.040281">
      <testcase name="test_page_templates" class="Tests_Admin_includesTheme" file="/var/www/wordpress-unit-tests/tests/admin/includesTheme.php" line="42" assertions="5" time="0.040281"/>
    </testsuite>
    <testsuite name="Tests_AdminBar" file="/var/www/wordpress-unit-tests/tests/adminbar.php" fullPackage="Tests" tests="2" assertions="4" failures="0" errors="0" time="0.090906">
      <testcase name="test_content_post_type" class="Tests_AdminBar" file="/var/www/wordpress-unit-tests/tests/adminbar.php" line="29" assertions="2" time="0.046557"/>
      <testcase name="test_merging_existing_meta_values" class="Tests_AdminBar" file="/var/www/wordpress-unit-tests/tests/adminbar.php" line="46" assertions="2" time="0.044349"/>
    </testsuite>
    <testsuite name="Tests_Ajax_Autosave" file="/var/www/wordpress-unit-tests/tests/ajax/Autosave.php" fullPackage="WordPress.UnitTests" package="WordPress" subpackage="UnitTests" tests="0" assertions="0" failures="0" errors="0" time="0.000000"/>
    <testsuite name="Tests_Ajax_CompressionTest" file="/var/www/wordpress-unit-tests/tests/ajax/Compression.php" fullPackage="WordPress.UnitTests" package="WordPress" subpackage="UnitTests" tests="0" assertions="0" failures="0" errors="0" time="0.000000"/>
    <testsuite name="Tests_Ajax_DeleteComment" file="/var/www/wordpress-unit-tests/tests/ajax/DeleteComment.php" fullPackage="WordPress.UnitTests" package="WordPress" subpackage="UnitTests" tests="0" assertions="0" failures="0" errors="0" time="0.000000"/>
    <testsuite name="Tests_Ajax_DimComment" file="/var/www/wordpress-unit-tests/tests/ajax/DimComment.php" fullPackage="WordPress.UnitTests" package="WordPress" subpackage="UnitTests" tests="0" assertions="0" failures="0" errors="0" time="0.000000"/>
    <testsuite name="Tests_Ajax_EditComment" file="/var/www/wordpress-unit-tests/tests/ajax/EditComment.php" fullPackage="WordPress.UnitTests" package="WordPress" subpackage="UnitTests" tests="0" assertions="0" failures="0" errors="0" time="0.000000"/>
    <testsuite name="Tests_Ajax_GetComments" file="/var/www/wordpress-unit-tests/tests/ajax/GetComments.php" fullPackage="WordPress.UnitTests" package="WordPress" subpackage="UnitTests" tests="0" assertions="0" failures="0" errors="0" time="0.000000"/>
    <testsuite name="Tests_Ajax_ReplytoComment" file="/var/www/wordpress-unit-tests/tests/ajax/ReplytoComment.php" fullPackage="WordPress.UnitTests" package="WordPress" subpackage="UnitTests" tests="0" assertions="0" failures="0" errors="0" time="0.000000"/>
    <testsuite name="Tests_Ajax_Response" file="/var/www/wordpress-unit-tests/tests/ajax/Response.php" fullPackage="WordPress.UnitTests" package="WordPress" subpackage="UnitTests" tests="0" assertions="0" failures="0" errors="0" time="0.000000"/>
    <testsuite name="Tests_Ajax_TagSearch" file="/var/www/wordpress-unit-tests/tests/ajax/TagSearch.php" fullPackage="WordPress.UnitTests" package="WordPress" subpackage="UnitTests" tests="0" assertions="0" failures="0" errors="0" time="0.000000"/>
    <testsuite name="Tests_Attachment_Slashes" file="/var/www/wordpress-unit-tests/tests/attachment/slashes.php" fullPackage="Tests.Attachment" tests="0" assertions="0" failures="0" errors="0" time="0.000000"/>
    <testsuite name="Tests_Auth" file="/var/www/wordpress-unit-tests/tests/auth.php" fullPackage="Tests" tests="3" assertions="6" failures="0" errors="0" time="0.162882">
      <testcase name="test_auth_cookie_valid" class="Tests_Auth" file="/var/www/wordpress-unit-tests/tests/auth.php" line="14" assertions="1" time="0.056920"/>
      <testcase name="test_auth_cookie_invalid" class="Tests_Auth" file="/var/www/wordpress-unit-tests/tests/auth.php" line="19" assertions="3" time="0.056627"/>
      <testcase name="test_auth_cookie_scheme" class="Tests_Auth" file="/var/www/wordpress-unit-tests/tests/auth.php" line="35" assertions="2" time="0.049335"/>
    </testsuite>
    <testsuite name="Tests_Basic" file="/var/www/wordpress-unit-tests/tests/basic.php" fullPackage="Tests" tests="5" assertions="9" failures="0" errors="0" time="0.009209">
      <testcase name="test_true" class="Tests_Basic" file="/var/www/wordpress-unit-tests/tests/basic.php" line="21" assertions="1" time="0.001572"/>
      <testcase name="test_globals" class="Tests_Basic" file="/var/www/wordpress-unit-tests/tests/basic.php" line="26" assertions="2" time="0.002251"/>
      <testcase name="test_globals_bar" class="Tests_Basic" file="/var/www/wordpress-unit-tests/tests/basic.php" line="40" assertions="1" time="0.002041"/>
      <testcase name="test_strip_ws" class="Tests_Basic" file="/var/www/wordpress-unit-tests/tests/basic.php" line="48" assertions="4" time="0.001775"/>
      <testcase name="test_mask_input_value" class="Tests_Basic" file="/var/www/wordpress-unit-tests/tests/basic.php" line="75" assertions="1" time="0.001570"/>
    </testsuite>
    <testsuite name="Tests_Cache" file="/var/www/wordpress-unit-tests/tests/cache.php" fullPackage="Tests" tests="16" assertions="61" failures="0" errors="0" time="0.039849">
      <testcase name="test_miss" class="Tests_Cache" file="/var/www/wordpress-unit-tests/tests/cache.php" line="27" assertions="1" time="0.001748"/>
      <testcase name="test_add_get" class="Tests_Cache" file="/var/www/wordpress-unit-tests/tests/cache.php" line="31" assertions="1" time="0.001838"/>
      <testcase name="test_add_get_0" class="Tests_Cache" file="/var/www/wordpress-unit-tests/tests/cache.php" line="39" assertions="1" time="0.001724"/>
      <testcase name="test_add_get_null" class="Tests_Cache" file="/var/www/wordpress-unit-tests/tests/cache.php" line="48" assertions="2" time="0.001640"/>
      <testcase name="test_add" class="Tests_Cache" file="/var/www/wordpress-unit-tests/tests/cache.php" line="57" assertions="4" time="0.009749"/>
      <testcase name="test_replace" class="Tests_Cache" file="/var/www/wordpress-unit-tests/tests/cache.php" line="70" assertions="6" time="0.002436"/>
      <testcase name="test_set" class="Tests_Cache" file="/var/www/wordpress-unit-tests/tests/cache.php" line="84" assertions="4" time="0.002196"/>
      <testcase name="test_flush" class="Tests_Cache" file="/var/www/wordpress-unit-tests/tests/cache.php" line="97" assertions="2" time="0.001884"/>
      <testcase name="test_object_refs" class="Tests_Cache" file="/var/www/wordpress-unit-tests/tests/cache.php" line="115" assertions="4" time="0.002010"/>
      <testcase name="test_incr" class="Tests_Cache" file="/var/www/wordpress-unit-tests/tests/cache.php" line="137" assertions="3" time="0.001922"/>
      <testcase name="test_wp_cache_incr" class="Tests_Cache" file="/var/www/wordpress-unit-tests/tests/cache.php" line="150" assertions="3" time="0.001928"/>
      <testcase name="test_decr" class="Tests_Cache" file="/var/www/wordpress-unit-tests/tests/cache.php" line="163" assertions="4" time="0.002022"/>
      <testcase name="test_wp_cache_decr" class="Tests_Cache" file="/var/www/wordpress-unit-tests/tests/cache.php" line="183" assertions="4" time="0.001999"/>
      <testcase name="test_delete" class="Tests_Cache" file="/var/www/wordpress-unit-tests/tests/cache.php" line="200" assertions="5" time="0.002019"/>
      <testcase name="test_wp_cache_delete" class="Tests_Cache" file="/var/www/wordpress-unit-tests/tests/cache.php" line="215" assertions="5" time="0.001928"/>
      <testcase name="test_switch_to_blog" class="Tests_Cache" file="/var/www/wordpress-unit-tests/tests/cache.php" line="234" assertions="12" time="0.002807"/>
    </testsuite>
    <testsuite name="Tests_Canonical" file="/var/www/wordpress-unit-tests/tests/canonical.php" fullPackage="Tests" tests="47" assertions="56" failures="0" errors="0" time="13.999019">
      <testsuite name="Tests_Canonical::test" tests="47" assertions="56" failures="0" errors="0" time="13.999019">
        <testcase name="test with data set #2" assertions="1" time="0.279717"/>
        <testcase name="test with data set #3" assertions="2" time="0.298307"/>
        <testcase name="test with data set #4" assertions="2" time="0.299425"/>
        <testcase name="test with data set #5" assertions="2" time="0.320049"/>
        <testcase name="test with data set #6" assertions="2" time="0.297387"/>
        <testcase name="test with data set #9" assertions="3" time="0.292529"/>
        <testcase name="test with data set #10" assertions="3" time="0.293420"/>
        <testcase name="test with data set #11" assertions="1" time="0.289905"/>
        <testcase name="test with data set #18" assertions="1" time="0.302076"/>
        <testcase name="test with data set #19" assertions="1" time="0.337562"/>
        <testcase name="test with data set #20" assertions="1" time="0.286882"/>
        <testcase name="test with data set #21" assertions="1" time="0.294483"/>
        <testcase name="test with data set #22" assertions="1" time="0.290568"/>
        <testcase name="test with data set #23" assertions="1" time="0.286525"/>
        <testcase name="test with data set #24" assertions="1" time="0.304777"/>
        <testcase name="test with data set #25" assertions="1" time="0.294054"/>
        <testcase name="test with data set #26" assertions="1" time="0.289253"/>
        <testcase name="test with data set #27" assertions="1" time="0.306449"/>
        <testcase name="test with data set #28" assertions="1" time="0.299034"/>
        <testcase name="test with data set #29" assertions="1" time="0.291814"/>
        <testcase name="test with data set #30" assertions="2" time="0.312188"/>
        <testcase name="test with data set #32" assertions="1" time="0.296249"/>
        <testcase name="test with data set #33" assertions="1" time="0.294099"/>
        <testcase name="test with data set #37" assertions="1" time="0.289284"/>
        <testcase name="test with data set #38" assertions="1" time="0.290557"/>
        <testcase name="test with data set #39" assertions="1" time="0.297870"/>
        <testcase name="test with data set #40" assertions="1" time="0.291708"/>
        <testcase name="test with data set #41" assertions="1" time="0.290670"/>
        <testcase name="test with data set #42" assertions="1" time="0.327494"/>
        <testcase name="test with data set #43" assertions="1" time="0.297408"/>
        <testcase name="test with data set #44" assertions="1" time="0.295334"/>
        <testcase name="test with data set #45" assertions="1" time="0.301760"/>
        <testcase name="test with data set #46" assertions="1" time="0.298232"/>
        <testcase name="test with data set #49" assertions="1" time="0.301647"/>
        <testcase name="test with data set #50" assertions="1" time="0.294518"/>
        <testcase name="test with data set #51" assertions="1" time="0.297400"/>
        <testcase name="test with data set #52" assertions="1" time="0.297419"/>
        <testcase name="test with data set #53" assertions="1" time="0.330936"/>
        <testcase name="test with data set #54" assertions="1" time="0.290672"/>
        <testcase name="test with data set #55" assertions="1" time="0.295115"/>
        <testcase name="test with data set #56" assertions="1" time="0.294056"/>
        <testcase name="test with data set #57" assertions="1" time="0.292664"/>
        <testcase name="test with data set #58" assertions="1" time="0.296164"/>
        <testcase name="test with data set #59" assertions="1" time="0.293608"/>
        <testcase name="test with data set #60" assertions="1" time="0.292335"/>
        <testcase name="test with data set #61" assertions="1" time="0.289832"/>
        <testcase name="test with data set #62" assertions="1" time="0.295583"/>
      </testsuite>
    </testsuite>
    <testsuite name="Tests_Canonical_CustomRules" file="/var/www/wordpress-unit-tests/tests/canonical/customRules.php" fullPackage="Tests.Canonical" tests="2" assertions="4" failures="0" errors="0" time="0.654788">
      <testsuite name="Tests_Canonical_CustomRules::test" tests="2" assertions="4" failures="0" errors="0" time="0.654788">
        <testcase name="test with data set #0" assertions="2" time="0.325105"/>
        <testcase name="test with data set #1" assertions="2" time="0.329683"/>
      </testsuite>
    </testsuite>
    <testsuite name="Tests_Canonical_NoRewrite" file="/var/www/wordpress-unit-tests/tests/canonical/noRewrite.php" fullPackage="Tests.Canonical" tests="8" assertions="12" failures="0" errors="0" time="2.261919">
      <testsuite name="Tests_Canonical_NoRewrite::test" tests="8" assertions="12" failures="0" errors="0" time="2.261919">
        <testcase name="test with data set #0" assertions="1" time="0.278403"/>
        <testcase name="test with data set #1" assertions="1" time="0.279565"/>
        <testcase name="test with data set #2" assertions="1" time="0.277574"/>
        <testcase name="test with data set #3" assertions="3" time="0.287992"/>
        <testcase name="test with data set #4" assertions="3" time="0.283919"/>
        <testcase name="test with data set #5" assertions="1" time="0.283072"/>
        <testcase name="test with data set #6" assertions="1" time="0.292647"/>
        <testcase name="test with data set #7" assertions="1" time="0.278747"/>
      </testsuite>
    </testsuite>
    <testsuite name="Tests_Canonical_PageOnFront" file="/var/www/wordpress-unit-tests/tests/canonical/pageOnFront.php" fullPackage="Tests.Canonical" tests="3" assertions="3" failures="0" errors="0" time="1.006840">
      <testsuite name="Tests_Canonical_PageOnFront::test" tests="3" assertions="3" failures="0" errors="0" time="1.006840">
        <testcase name="test with data set #0" assertions="1" time="0.325134"/>
        <testcase name="test with data set #1" assertions="1" time="0.327868"/>
        <testcase name="test with data set #2" assertions="1" time="0.353838"/>
      </testsuite>
    </testsuite>
    <testsuite name="Tests_Canonical_PermalinkFormat" file="/var/www/wordpress-unit-tests/tests/canonical/permalinkFormats.php" fullPackage="Tests.Canonical" tests="0" assertions="0" failures="0" errors="0" time="0.000000"/>
    <testsuite name="Tests_Comment" file="/var/www/wordpress-unit-tests/tests/comment.php" fullPackage="Tests" tests="1" assertions="3" failures="0" errors="0" time="0.042120">
      <testcase name="test_wp_update_comment" class="Tests_Comment" file="/var/www/wordpress-unit-tests/tests/comment.php" line="7" assertions="3" time="0.042120"/>
    </testsuite>
    <testsuite name="Tests_Comment_Query" file="/var/www/wordpress-unit-tests/tests/comment/query.php" fullPackage="Tests.Comment" tests="5" assertions="85" failures="0" errors="0" time="0.384142">
      <testcase name="test_get_comment_comment_approved_0" class="Tests_Comment_Query" file="/var/www/wordpress-unit-tests/tests/comment/query.php" line="18" assertions="1" time="0.005622"/>
      <testcase name="test_get_comment_comment_approved_1" class="Tests_Comment_Query" file="/var/www/wordpress-unit-tests/tests/comment/query.php" line="27" assertions="2" time="0.005612"/>
      <testcase name="test_get_comments_for_post" class="Tests_Comment_Query" file="/var/www/wordpress-unit-tests/tests/comment/query.php" line="37" assertions="66" time="0.166320"/>
      <testcase name="test_orderby_meta" class="Tests_Comment_Query" file="/var/www/wordpress-unit-tests/tests/comment/query.php" line="82" assertions="10" time="0.018791"/>
      <testcase name="test_get_status" class="Tests_Comment_Query" file="/var/www/wordpress-unit-tests/tests/comment/query.php" line="115" assertions="6" time="0.187797"/>
    </testsuite>
    <testsuite name="Tests_Comment_Slashes" file="/var/www/wordpress-unit-tests/tests/comment/slashes.php" fullPackage="Tests.Comment" tests="0" assertions="0" failures="0" errors="0" time="0.000000"/>
    <testsuite name="Tests_Compat" file="/var/www/wordpress-unit-tests/tests/compat.php" fullPackage="Tests" tests="4" assertions="10" failures="0" errors="0" time="0.008474">
      <testcase name="test_mb_substr" class="Tests_Compat" file="/var/www/wordpress-unit-tests/tests/compat.php" line="7" assertions="4" time="0.003346"/>
      <testcase name="test_hash_hmac_simple" class="Tests_Compat" file="/var/www/wordpress-unit-tests/tests/compat.php" line="14" assertions="2" time="0.001637"/>
      <testcase name="test_hash_hmac_padding" class="Tests_Compat" file="/var/www/wordpress-unit-tests/tests/compat.php" line="19" assertions="2" time="0.001636"/>
      <testcase name="test_hash_hmac_output" class="Tests_Compat" file="/var/www/wordpress-unit-tests/tests/compat.php" line="24" assertions="2" time="0.001855"/>
    </testsuite>
    <testsuite name="Tests_Cron" file="/var/www/wordpress-unit-tests/tests/cron.php" fullPackage="Tests" tests="11" assertions="34" failures="0" errors="0" time="0.128898">
      <testcase name="test_wp_get_schedule_empty" class="Tests_Cron" file="/var/www/wordpress-unit-tests/tests/cron.php" line="21" assertions="1" time="0.006405"/>
      <testcase name="test_schedule_event_single" class="Tests_Cron" file="/var/www/wordpress-unit-tests/tests/cron.php" line="27" assertions="2" time="0.017783"/>
      <testcase name="test_schedule_event_single_args" class="Tests_Cron" file="/var/www/wordpress-unit-tests/tests/cron.php" line="40" assertions="4" time="0.009079"/>
      <testcase name="test_schedule_event" class="Tests_Cron" file="/var/www/wordpress-unit-tests/tests/cron.php" line="57" assertions="2" time="0.005670"/>
      <testcase name="test_schedule_event_args" class="Tests_Cron" file="/var/www/wordpress-unit-tests/tests/cron.php" line="70" assertions="4" time="0.006484"/>
      <testcase name="test_unschedule_event" class="Tests_Cron" file="/var/www/wordpress-unit-tests/tests/cron.php" line="88" assertions="2" time="0.005906"/>
      <testcase name="test_clear_schedule" class="Tests_Cron" file="/var/www/wordpress-unit-tests/tests/cron.php" line="101" assertions="5" time="0.014036"/>
      <testcase name="test_clear_schedule_multiple_args" class="Tests_Cron" file="/var/www/wordpress-unit-tests/tests/cron.php" line="127" assertions="5" time="0.011276"/>
      <testcase name="test_clear_schedule_new_args" class="Tests_Cron" file="/var/www/wordpress-unit-tests/tests/cron.php" line="156" assertions="6" time="0.012054"/>
      <testcase name="test_duplicate_event" class="Tests_Cron" file="/var/www/wordpress-unit-tests/tests/cron.php" line="195" assertions="1" time="0.006186"/>
      <testcase name="test_not_duplicate_event" class="Tests_Cron" file="/var/www/wordpress-unit-tests/tests/cron.php" line="214" assertions="2" time="0.034019"/>
    </testsuite>
    <testsuite name="Tests_DB" file="/var/www/wordpress-unit-tests/tests/db.php" fullPackage="Tests" tests="4" assertions="12" failures="0" errors="0" time="0.008970">
      <testcase name="test_locale_floats" class="Tests_DB" file="/var/www/wordpress-unit-tests/tests/db.php" line="49" assertions="2" time="0.002822"/>
      <testcase name="test_wpdb_supposedly_protected_properties" class="Tests_DB" file="/var/www/wordpress-unit-tests/tests/db.php" line="85" assertions="5" time="0.002099"/>
      <testcase name="test_wpdb_nonexistent_properties" class="Tests_DB" file="/var/www/wordpress-unit-tests/tests/db.php" line="101" assertions="4" time="0.001986"/>
      <testcase name="test_double_escaped_placeholders" class="Tests_DB" file="/var/www/wordpress-unit-tests/tests/db.php" line="116" assertions="1" time="0.002063"/>
    </testsuite>
    <testsuite name="Tests_Dependencies" file="/var/www/wordpress-unit-tests/tests/dependencies.php" fullPackage="Tests" tests="7" assertions="56" failures="0" errors="0" time="0.012016">
      <testcase name="test_add" class="Tests_Dependencies" file="/var/www/wordpress-unit-tests/tests/dependencies.php" line="7" assertions="5" time="0.001530"/>
      <testcase name="test_remove" class="Tests_Dependencies" file="/var/www/wordpress-unit-tests/tests/dependencies.php" line="20" assertions="4" time="0.001484"/>
      <testcase name="test_enqueue" class="Tests_Dependencies" file="/var/www/wordpress-unit-tests/tests/dependencies.php" line="33" assertions="7" time="0.001553"/>
      <testcase name="test_dequeue" class="Tests_Dependencies" file="/var/www/wordpress-unit-tests/tests/dependencies.php" line="49" assertions="8" time="0.001602"/>
      <testcase name="test_enqueue_args" class="Tests_Dependencies" file="/var/www/wordpress-unit-tests/tests/dependencies.php" line="69" assertions="9" time="0.001797"/>
      <testcase name="test_dequeue_args" class="Tests_Dependencies" file="/var/www/wordpress-unit-tests/tests/dependencies.php" line="87" assertions="12" time="0.001896"/>
      <testcase name="test_query_and_registered_enqueued" class="Tests_Dependencies" file="/var/www/wordpress-unit-tests/tests/dependencies.php" line="114" assertions="11" time="0.002154"/>
    </testsuite>
    <testsuite name="Tests_Dependencies_jQuery" file="/var/www/wordpress-unit-tests/tests/dependencies/jquery.php" fullPackage="Tests.Dependencies" tests="2" assertions="3" failures="0" errors="0" time="0.020085">
      <testcase name="test_location_of_jquery" class="Tests_Dependencies_jQuery" file="/var/www/wordpress-unit-tests/tests/dependencies/jquery.php" line="9" assertions="2" time="0.017837"/>
      <testcase name="test_presence_of_jquery_no_conflict" class="Tests_Dependencies_jQuery" file="/var/www/wordpress-unit-tests/tests/dependencies/jquery.php" line="17" assertions="1" time="0.002248"/>
    </testsuite>
    <testsuite name="Tests_Dependencies_Scripts" file="/var/www/wordpress-unit-tests/tests/dependencies/scripts.php" fullPackage="Tests.Dependencies" tests="2" assertions="4" failures="0" errors="0" time="0.008829">
      <testcase name="test_wp_enqueue_script" class="Tests_Dependencies_Scripts" file="/var/www/wordpress-unit-tests/tests/dependencies/scripts.php" line="27" assertions="2" time="0.004172"/>
      <testcase name="test_protocols" class="Tests_Dependencies_Scripts" file="/var/www/wordpress-unit-tests/tests/dependencies/scripts.php" line="49" assertions="2" time="0.004657"/>
    </testsuite>
    <testsuite name="Tests_Dependencies_Styles" file="/var/www/wordpress-unit-tests/tests/dependencies/styles.php" fullPackage="Tests.Dependencies" tests="2" assertions="4" failures="0" errors="0" time="0.008124">
      <testcase name="test_wp_enqueue_style" class="Tests_Dependencies_Styles" file="/var/www/wordpress-unit-tests/tests/dependencies/styles.php" line="27" assertions="2" time="0.003808"/>
      <testcase name="test_protocols" class="Tests_Dependencies_Styles" file="/var/www/wordpress-unit-tests/tests/dependencies/styles.php" line="49" assertions="2" time="0.004316"/>
    </testsuite>
    <testsuite name="Test_WP_Export_Query" file="/var/www/wordpress-unit-tests/tests/export/class-wp-export-query.php" fullPackage="Test.WP.Export" tests="0" assertions="0" failures="0" errors="0" time="0.000000"/>
    <testsuite name="Test_WP_Export_Functions" file="/var/www/wordpress-unit-tests/tests/export/functions.export.php" fullPackage="Test.WP.Export" tests="0" assertions="0" failures="0" errors="0" time="0.000000"/>
    <testsuite name="Test_WP_Export_Writers" file="/var/www/wordpress-unit-tests/tests/export/writers.php" fullPackage="Test.WP.Export" tests="0" assertions="0" failures="0" errors="0" time="0.000000"/>
    <testsuite name="Tests_Feed_RSS2" file="/var/www/wordpress-unit-tests/tests/feed/rss2.php" fullPackage="Tests.Feed" tests="2" assertions="11" failures="0" errors="0" time="0.896043">
      <testcase name="test_rss" class="Tests_Feed_RSS2" file="/var/www/wordpress-unit-tests/tests/feed/rss2.php" line="38" assertions="6" time="0.450318"/>
      <testcase name="test_channel" class="Tests_Feed_RSS2" file="/var/www/wordpress-unit-tests/tests/feed/rss2.php" line="58" assertions="5" time="0.445725"/>
    </testsuite>
    <testsuite name="Tests_File" file="/var/www/wordpress-unit-tests/tests/file.php" fullPackage="Tests" tests="8" assertions="21" failures="0" errors="0" time="0.019774">
      <testcase name="test_get_file_data" class="Tests_File" file="/var/www/wordpress-unit-tests/tests/file.php" line="19" assertions="6" time="0.002648"/>
      <testcase name="test_get_file_data_cr_line_endings" class="Tests_File" file="/var/www/wordpress-unit-tests/tests/file.php" line="48" assertions="3" time="0.001848"/>
      <testcase name="test_unique_filename_is_valid" class="Tests_File" file="/var/www/wordpress-unit-tests/tests/file.php" line="82" assertions="1" time="0.002142"/>
      <testcase name="test_unique_filename_is_unique" class="Tests_File" file="/var/www/wordpress-unit-tests/tests/file.php" line="91" assertions="3" time="0.003485"/>
      <testcase name="test_unique_filename_is_sanitized" class="Tests_File" file="/var/www/wordpress-unit-tests/tests/file.php" line="107" assertions="2" time="0.002191"/>
      <testcase name="test_unique_filename_with_slashes" class="Tests_File" file="/var/www/wordpress-unit-tests/tests/file.php" line="119" assertions="2" time="0.002195"/>
      <testcase name="test_unique_filename_multiple_ext" class="Tests_File" file="/var/www/wordpress-unit-tests/tests/file.php" line="132" assertions="2" time="0.003150"/>
      <testcase name="test_unique_filename_no_ext" class="Tests_File" file="/var/www/wordpress-unit-tests/tests/file.php" line="144" assertions="2" time="0.002115"/>
    </testsuite>
    <testsuite name="Tests_Filters" file="/var/www/wordpress-unit-tests/tests/filters.php" fullPackage="Tests" tests="11" assertions="54" failures="0" errors="0" time="0.028913">
      <testcase name="test_simple_filter" class="Tests_Filters" file="/var/www/wordpress-unit-tests/tests/filters.php" line="10" assertions="4" time="0.002455"/>
      <testcase name="test_remove_filter" class="Tests_Filters" file="/var/www/wordpress-unit-tests/tests/filters.php" line="27" assertions="6" time="0.002657"/>
      <testcase name="test_has_filter" class="Tests_Filters" file="/var/www/wordpress-unit-tests/tests/filters.php" line="47" assertions="6" time="0.001975"/>
      <testcase name="test_multiple_filters" class="Tests_Filters" file="/var/www/wordpress-unit-tests/tests/filters.php" line="62" assertions="3" time="0.002149"/>
      <testcase name="test_filter_args_1" class="Tests_Filters" file="/var/www/wordpress-unit-tests/tests/filters.php" line="79" assertions="3" time="0.002523"/>
      <testcase name="test_filter_args_2" class="Tests_Filters" file="/var/www/wordpress-unit-tests/tests/filters.php" line="93" assertions="5" time="0.003171"/>
      <testcase name="test_filter_priority" class="Tests_Filters" file="/var/www/wordpress-unit-tests/tests/filters.php" line="116" assertions="3" time="0.003397"/>
      <testcase name="test_all_filter" class="Tests_Filters" file="/var/www/wordpress-unit-tests/tests/filters.php" line="147" assertions="7" time="0.003193"/>
      <testcase name="test_remove_all_filter" class="Tests_Filters" file="/var/www/wordpress-unit-tests/tests/filters.php" line="171" assertions="10" time="0.002812"/>
      <testcase name="test_filter_ref_array" class="Tests_Filters" file="/var/www/wordpress-unit-tests/tests/filters.php" line="198" assertions="2" time="0.002197"/>
      <testcase name="test_filter_ref_array_result" class="Tests_Filters" file="/var/www/wordpress-unit-tests/tests/filters.php" line="217" assertions="5" time="0.002383"/>
    </testsuite>
    <testsuite name="Tests_Formatting_Autop" file="/var/www/wordpress-unit-tests/tests/formatting/Autop.php" fullPackage="Tests.Formatting" tests="3" assertions="5" failures="0" errors="0" time="0.008902">
      <testcase name="test_first_post" class="Tests_Formatting_Autop" file="/var/www/wordpress-unit-tests/tests/formatting/Autop.php" line="8" assertions="1" time="0.002342"/>
      <testcase name="test_skip_pre_elements" class="Tests_Formatting_Autop" file="/var/www/wordpress-unit-tests/tests/formatting/Autop.php" line="70" assertions="3" time="0.004487"/>
      <testcase name="test_skip_input_elements" class="Tests_Formatting_Autop" file="/var/www/wordpress-unit-tests/tests/formatting/Autop.php" line="97" assertions="1" time="0.002073"/>
    </testsuite>
    <testsuite name="Tests_Formatting_CleanPre" file="/var/www/wordpress-unit-tests/tests/formatting/CleanPre.php" fullPackage="Tests.Formatting" tests="4" assertions="4" failures="0" errors="0" time="0.006170">
      <testcase name="test_removes_self_closing_br_with_space" class="Tests_Formatting_CleanPre" file="/var/www/wordpress-unit-tests/tests/formatting/CleanPre.php" line="10" assertions="1" time="0.001563"/>
      <testcase name="test_removes_self_closing_br_without_space" class="Tests_Formatting_CleanPre" file="/var/www/wordpress-unit-tests/tests/formatting/CleanPre.php" line="17" assertions="1" time="0.001533"/>
      <testcase name="test_removes_html_br" class="Tests_Formatting_CleanPre" file="/var/www/wordpress-unit-tests/tests/formatting/CleanPre.php" line="27" assertions="1" time="0.001555"/>
      <testcase name="test_removes_p" class="Tests_Formatting_CleanPre" file="/var/www/wordpress-unit-tests/tests/formatting/CleanPre.php" line="33" assertions="1" time="0.001519"/>
    </testsuite>
    <testsuite name="Tests_Formatting_ConvertChars" file="/var/www/wordpress-unit-tests/tests/formatting/ConvertChars.php" fullPackage="Tests.Formatting" tests="5" assertions="7" failures="0" errors="0" time="0.008319">
      <testcase name="test_replaces_windows1252_entities_with_unicode_ones" class="Tests_Formatting_ConvertChars" file="/var/www/wordpress-unit-tests/tests/formatting/ConvertChars.php" line="7" assertions="1" time="0.001560"/>
      <testcase name="test_replaces_latin_letter_z_with_caron" class="Tests_Formatting_ConvertChars" file="/var/www/wordpress-unit-tests/tests/formatting/ConvertChars.php" line="16" assertions="1" time="0.001989"/>
      <testcase name="test_converts_html_br_and_hr_to_the_xhtml_self_closing_variety" class="Tests_Formatting_ConvertChars" file="/var/www/wordpress-unit-tests/tests/formatting/ConvertChars.php" line="22" assertions="3" time="0.001755"/>
      <testcase name="test_escapes_lone_ampersands" class="Tests_Formatting_ConvertChars" file="/var/www/wordpress-unit-tests/tests/formatting/ConvertChars.php" line="33" assertions="1" time="0.001502"/>
      <testcase name="test_removes_category_and_title_metadata_tags" class="Tests_Formatting_ConvertChars" file="/var/www/wordpress-unit-tests/tests/formatting/ConvertChars.php" line="37" assertions="1" time="0.001513"/>
    </testsuite>
    <testsuite name="Tests_Formatting_EscAttr" file="/var/www/wordpress-unit-tests/tests/formatting/EscAttr.php" fullPackage="Tests.Formatting" tests="2" assertions="7" failures="0" errors="0" time="0.005926">
      <testcase name="test_esc_attr_quotes" class="Tests_Formatting_EscAttr" file="/var/www/wordpress-unit-tests/tests/formatting/EscAttr.php" line="7" assertions="6" time="0.004169"/>
      <testcase name="test_esc_attr_amp" class="Tests_Formatting_EscAttr" file="/var/www/wordpress-unit-tests/tests/formatting/EscAttr.php" line="28" assertions="1" time="0.001757"/>
    </testsuite>
    <testsuite name="Tests_Formatting_EscHtml" file="/var/www/wordpress-unit-tests/tests/formatting/EscHtml.php" fullPackage="Tests.Formatting" tests="4" assertions="6" failures="0" errors="0" time="0.007152">
      <testcase name="test_esc_html_basics" class="Tests_Formatting_EscHtml" file="/var/www/wordpress-unit-tests/tests/formatting/EscHtml.php" line="7" assertions="3" time="0.001954"/>
      <testcase name="test_escapes_ampersands" class="Tests_Formatting_EscHtml" file="/var/www/wordpress-unit-tests/tests/formatting/EscHtml.php" line="23" assertions="1" time="0.001943"/>
      <testcase name="test_escapes_greater_and_less_than" class="Tests_Formatting_EscHtml" file="/var/www/wordpress-unit-tests/tests/formatting/EscHtml.php" line="29" assertions="1" time="0.001591"/>
      <testcase name="test_ignores_existing_entities" class="Tests_Formatting_EscHtml" file="/var/www/wordpress-unit-tests/tests/formatting/EscHtml.php" line="35" assertions="1" time="0.001664"/>
    </testsuite>
    <testsuite name="Tests_Formatting_EscUrl" file="/var/www/wordpress-unit-tests/tests/formatting/EscUrl.php" fullPackage="Tests.Formatting" tests="7" assertions="28" failures="0" errors="0" time="0.016842">
      <testcase name="test_spaces" class="Tests_Formatting_EscUrl" file="/var/www/wordpress-unit-tests/tests/formatting/EscUrl.php" line="7" assertions="2" time="0.001853"/>
      <testcase name="test_bad_characters" class="Tests_Formatting_EscUrl" file="/var/www/wordpress-unit-tests/tests/formatting/EscUrl.php" line="12" assertions="10" time="0.003778"/>
      <testcase name="test_relative" class="Tests_Formatting_EscUrl" file="/var/www/wordpress-unit-tests/tests/formatting/EscUrl.php" line="26" assertions="4" time="0.002155"/>
      <testcase name="test_protocol" class="Tests_Formatting_EscUrl" file="/var/www/wordpress-unit-tests/tests/formatting/EscUrl.php" line="33" assertions="2" time="0.001900"/>
      <testcase name="test_display_extras" class="Tests_Formatting_EscUrl" file="/var/www/wordpress-unit-tests/tests/formatting/EscUrl.php" line="38" assertions="2" time="0.001836"/>
      <testcase name="test_non_ascii" class="Tests_Formatting_EscUrl" file="/var/www/wordpress-unit-tests/tests/formatting/EscUrl.php" line="43" assertions="3" time="0.002084"/>
      <testcase name="test_feed" class="Tests_Formatting_EscUrl" file="/var/www/wordpress-unit-tests/tests/formatting/EscUrl.php" line="49" assertions="5" time="0.003236"/>
    </testsuite>
    <testsuite name="Tests_Formatting_HtmlExcerpt" file="/var/www/wordpress-unit-tests/tests/formatting/HtmlExcerpt.php" fullPackage="Tests.Formatting" tests="3" assertions="6" failures="0" errors="0" time="0.004936">
      <testcase name="test_simple" class="Tests_Formatting_HtmlExcerpt" file="/var/www/wordpress-unit-tests/tests/formatting/HtmlExcerpt.php" line="7" assertions="1" time="0.001552"/>
      <testcase name="test_html" class="Tests_Formatting_HtmlExcerpt" file="/var/www/wordpress-unit-tests/tests/formatting/HtmlExcerpt.php" line="10" assertions="1" time="0.001540"/>
      <testcase name="test_entities" class="Tests_Formatting_HtmlExcerpt" file="/var/www/wordpress-unit-tests/tests/formatting/HtmlExcerpt.php" line="13" assertions="4" time="0.001844"/>
    </testsuite>
    <testsuite name="Tests_Formatting_IsEmail" file="/var/www/wordpress-unit-tests/tests/formatting/IsEmail.php" fullPackage="Tests.Formatting" tests="2" assertions="9" failures="0" errors="0" time="0.003720">
      <testcase name="test_returns_true_if_given_a_valid_email_address" class="Tests_Formatting_IsEmail" file="/var/www/wordpress-unit-tests/tests/formatting/IsEmail.php" line="7" assertions="4" time="0.002042"/>
      <testcase name="test_returns_false_if_given_an_invalid_email_address" class="Tests_Formatting_IsEmail" file="/var/www/wordpress-unit-tests/tests/formatting/IsEmail.php" line="19" assertions="5" time="0.001678"/>
    </testsuite>
    <testsuite name="Tests_Formatting_JSEscape" file="/var/www/wordpress-unit-tests/tests/formatting/JSEscape.php" fullPackage="Tests.Formatting" tests="7" assertions="7" failures="0" errors="0" time="0.011393">
      <testcase name="test_js_escape_simple" class="Tests_Formatting_JSEscape" file="/var/www/wordpress-unit-tests/tests/formatting/JSEscape.php" line="7" assertions="1" time="0.001611"/>
      <testcase name="test_js_escape_quotes" class="Tests_Formatting_JSEscape" file="/var/www/wordpress-unit-tests/tests/formatting/JSEscape.php" line="12" assertions="1" time="0.001642"/>
      <testcase name="test_js_escape_backslash" class="Tests_Formatting_JSEscape" file="/var/www/wordpress-unit-tests/tests/formatting/JSEscape.php" line="18" assertions="1" time="0.001578"/>
      <testcase name="test_js_escape_amp" class="Tests_Formatting_JSEscape" file="/var/www/wordpress-unit-tests/tests/formatting/JSEscape.php" line="25" assertions="1" time="0.001778"/>
      <testcase name="test_js_escape_quote_entity" class="Tests_Formatting_JSEscape" file="/var/www/wordpress-unit-tests/tests/formatting/JSEscape.php" line="30" assertions="1" time="0.001678"/>
      <testcase name="test_js_no_carriage_return" class="Tests_Formatting_JSEscape" file="/var/www/wordpress-unit-tests/tests/formatting/JSEscape.php" line="35" assertions="1" time="0.001552"/>
      <testcase name="test_js_escape_rn" class="Tests_Formatting_JSEscape" file="/var/www/wordpress-unit-tests/tests/formatting/JSEscape.php" line="41" assertions="1" time="0.001554"/>
    </testsuite>
    <testsuite name="Tests_Formatting_LikeEscape" file="/var/www/wordpress-unit-tests/tests/formatting/LikeEscape.php" fullPackage="Tests.Formatting" tests="0" assertions="0" failures="0" errors="0" time="0.000000"/>
    <testsuite name="Tests_Formatting_MakeClickable" file="/var/www/wordpress-unit-tests/tests/formatting/MakeClickable.php" fullPackage="Tests.Formatting" tests="17" assertions="76" failures="0" errors="0" time="0.046036">
      <testcase name="test_mailto_xss" class="Tests_Formatting_MakeClickable" file="/var/www/wordpress-unit-tests/tests/formatting/MakeClickable.php" line="7" assertions="1" time="0.001647"/>
      <testcase name="test_valid_mailto" class="Tests_Formatting_MakeClickable" file="/var/www/wordpress-unit-tests/tests/formatting/MakeClickable.php" line="12" assertions="5" time="0.002069"/>
      <testcase name="test_invalid_mailto" class="Tests_Formatting_MakeClickable" file="/var/www/wordpress-unit-tests/tests/formatting/MakeClickable.php" line="25" assertions="6" time="0.002127"/>
      <testcase name="test_strip_trailing_with_protocol" class="Tests_Formatting_MakeClickable" file="/var/www/wordpress-unit-tests/tests/formatting/MakeClickable.php" line="41" assertions="6" time="0.003155"/>
      <testcase name="test_strip_trailing_with_protocol_nothing_afterwards" class="Tests_Formatting_MakeClickable" file="/var/www/wordpress-unit-tests/tests/formatting/MakeClickable.php" line="66" assertions="7" time="0.003423"/>
      <testcase name="test_strip_trailing_without_protocol" class="Tests_Formatting_MakeClickable" file="/var/www/wordpress-unit-tests/tests/formatting/MakeClickable.php" line="93" assertions="6" time="0.003094"/>
      <testcase name="test_strip_trailing_without_protocol_nothing_afterwards" class="Tests_Formatting_MakeClickable" file="/var/www/wordpress-unit-tests/tests/formatting/MakeClickable.php" line="118" assertions="6" time="0.003124"/>
      <testcase name="test_iri" class="Tests_Formatting_MakeClickable" file="/var/www/wordpress-unit-tests/tests/formatting/MakeClickable.php" line="142" assertions="3" time="0.002281"/>
      <testcase name="test_brackets_in_urls" class="Tests_Formatting_MakeClickable" file="/var/www/wordpress-unit-tests/tests/formatting/MakeClickable.php" line="159" assertions="10" time="0.005631"/>
      <testcase name="test_real_world_examples" class="Tests_Formatting_MakeClickable" file="/var/www/wordpress-unit-tests/tests/formatting/MakeClickable.php" line="194" assertions="4" time="0.002743"/>
      <testcase name="test_twitter_hash_bang" class="Tests_Formatting_MakeClickable" file="/var/www/wordpress-unit-tests/tests/formatting/MakeClickable.php" line="213" assertions="3" time="0.002294"/>
      <testcase name="test_wrapped_in_angles" class="Tests_Formatting_MakeClickable" file="/var/www/wordpress-unit-tests/tests/formatting/MakeClickable.php" line="229" assertions="3" time="0.002162"/>
      <testcase name="test_preceded_by_punctuation" class="Tests_Formatting_MakeClickable" file="/var/www/wordpress-unit-tests/tests/formatting/MakeClickable.php" line="245" assertions="6" time="0.003109"/>
      <testcase name="test_dont_break_attributes" class="Tests_Formatting_MakeClickable" file="/var/www/wordpress-unit-tests/tests/formatting/MakeClickable.php" line="267" assertions="6" time="0.002622"/>
      <testcase name="test_click_inside_html" class="Tests_Formatting_MakeClickable" file="/var/www/wordpress-unit-tests/tests/formatting/MakeClickable.php" line="294" assertions="2" time="0.002452"/>
      <testcase name="test_no_links_within_links" class="Tests_Formatting_MakeClickable" file="/var/www/wordpress-unit-tests/tests/formatting/MakeClickable.php" line="308" assertions="1" time="0.002435"/>
      <testcase name="test_no_segfault" class="Tests_Formatting_MakeClickable" file="/var/www/wordpress-unit-tests/tests/formatting/MakeClickable.php" line="321" assertions="1" time="0.001668"/>
    </testsuite>
    <testsuite name="Tests_Formatting_MapDeep" file="/var/www/wordpress-unit-tests/tests/formatting/MapDeep.php" fullPackage="Tests.Formatting" tests="0" assertions="0" failures="0" errors="0" time="0.000000"/>
    <testsuite name="Tests_Formatting_RemoveAccents" file="/var/www/wordpress-unit-tests/tests/formatting/RemoveAccents.php" fullPackage="Tests.Formatting" tests="8" assertions="18" failures="0" errors="0" time="0.050555">
      <testcase name="test_remove_accents_simple" class="Tests_Formatting_RemoveAccents" file="/var/www/wordpress-unit-tests/tests/formatting/RemoveAccents.php" line="7" assertions="1" time="0.014997"/>
      <testcase name="test_remove_accents_latin1_supplement" class="Tests_Formatting_RemoveAccents" file="/var/www/wordpress-unit-tests/tests/formatting/RemoveAccents.php" line="14" assertions="1" time="0.003710"/>
      <testcase name="test_remove_accents_latin_extended_a" class="Tests_Formatting_RemoveAccents" file="/var/www/wordpress-unit-tests/tests/formatting/RemoveAccents.php" line="21" assertions="1" time="0.003402"/>
      <testcase name="test_remove_accents_latin_extended_b" class="Tests_Formatting_RemoveAccents" file="/var/www/wordpress-unit-tests/tests/formatting/RemoveAccents.php" line="28" assertions="1" time="0.002764"/>
      <testcase name="test_remove_accents_euro_pound_signs" class="Tests_Formatting_RemoveAccents" file="/var/www/wordpress-unit-tests/tests/formatting/RemoveAccents.php" line="32" assertions="2" time="0.004513"/>
      <testcase name="test_remove_accents_iso8859" class="Tests_Formatting_RemoveAccents" file="/var/www/wordpress-unit-tests/tests/formatting/RemoveAccents.php" line="37" assertions="1" time="0.001734"/>
      <testcase name="test_remove_accents_vowels_diacritic" class="Tests_Formatting_RemoveAccents" file="/var/www/wordpress-unit-tests/tests/formatting/RemoveAccents.php" line="50" assertions="6" time="0.010633"/>
      <testcase name="test_remove_accents_hanyu_pinyin" class="Tests_Formatting_RemoveAccents" file="/var/www/wordpress-unit-tests/tests/formatting/RemoveAccents.php" line="69" assertions="5" time="0.008802"/>
    </testsuite>
    <testsuite name="Tests_Formatting_SanitizeFileName" file="/var/www/wordpress-unit-tests/tests/formatting/SanitizeFileName.php" fullPackage="Tests.Formatting" tests="5" assertions="6" failures="0" errors="0" time="0.008786">
      <testcase name="test_munges_extensions" class="Tests_Formatting_SanitizeFileName" file="/var/www/wordpress-unit-tests/tests/formatting/SanitizeFileName.php" line="7" assertions="1" time="0.002064"/>
      <testcase name="test_removes_special_chars" class="Tests_Formatting_SanitizeFileName" file="/var/www/wordpress-unit-tests/tests/formatting/SanitizeFileName.php" line="13" assertions="1" time="0.001662"/>
      <testcase name="test_replaces_any_number_of_hyphens_with_one_hyphen" class="Tests_Formatting_SanitizeFileName" file="/var/www/wordpress-unit-tests/tests/formatting/SanitizeFileName.php" line="22" assertions="1" time="0.001632"/>
      <testcase name="test_trims_trailing_hyphens" class="Tests_Formatting_SanitizeFileName" file="/var/www/wordpress-unit-tests/tests/formatting/SanitizeFileName.php" line="26" assertions="1" time="0.001648"/>
      <testcase name="test_replaces_any_amount_of_whitespace_with_one_hyphen" class="Tests_Formatting_SanitizeFileName" file="/var/www/wordpress-unit-tests/tests/formatting/SanitizeFileName.php" line="30" assertions="2" time="0.001780"/>
    </testsuite>
    <testsuite name="Tests_Formatting_SanitizeMimeType" file="/var/www/wordpress-unit-tests/tests/formatting/SanitizeMimeType.php" fullPackage="Tests.Formatting" tests="1" assertions="22" failures="0" errors="0" time="0.003843">
      <testcase name="test_sanitize_valid_mime_type" class="Tests_Formatting_SanitizeMimeType" file="/var/www/wordpress-unit-tests/tests/formatting/SanitizeMimeType.php" line="8" assertions="22" time="0.003843"/>
    </testsuite>
    <testsuite name="Tests_Formatting_SanitizeTextField" file="/var/www/wordpress-unit-tests/tests/formatting/SanitizeTextField.php" fullPackage="Tests.Formatting" tests="1" assertions="13" failures="0" errors="0" time="0.003415">
      <testcase name="test_sanitize_text_field" class="Tests_Formatting_SanitizeTextField" file="/var/www/wordpress-unit-tests/tests/formatting/SanitizeTextField.php" line="8" assertions="13" time="0.003415"/>
    </testsuite>
    <testsuite name="Tests_Formatting_SanitizeTitle" file="/var/www/wordpress-unit-tests/tests/formatting/SanitizeTitle.php" fullPackage="Tests.Formatting" tests="2" assertions="2" failures="0" errors="0" time="0.003507">
      <testcase name="test_strips_html" class="Tests_Formatting_SanitizeTitle" file="/var/www/wordpress-unit-tests/tests/formatting/SanitizeTitle.php" line="7" assertions="1" time="0.001799"/>
      <testcase name="test_titles_sanitized_to_nothing_are_replaced_with_optional_fallback" class="Tests_Formatting_SanitizeTitle" file="/var/www/wordpress-unit-tests/tests/formatting/SanitizeTitle.php" line="13" assertions="1" time="0.001708"/>
    </testsuite>
    <testsuite name="Tests_Formatting_SanitizeTitleWithDashes" file="/var/www/wordpress-unit-tests/tests/formatting/SanitizeTitleWithDashes.php" fullPackage="Tests.Formatting" tests="16" assertions="27" failures="0" errors="0" time="0.032920">
      <testcase name="test_strips_html" class="Tests_Formatting_SanitizeTitleWithDashes" file="/var/www/wordpress-unit-tests/tests/formatting/SanitizeTitleWithDashes.php" line="7" assertions="1" time="0.001864"/>
      <testcase name="test_strips_unencoded_percent_signs" class="Tests_Formatting_SanitizeTitleWithDashes" file="/var/www/wordpress-unit-tests/tests/formatting/SanitizeTitleWithDashes.php" line="13" assertions="1" time="0.001761"/>
      <testcase name="test_makes_title_lowercase" class="Tests_Formatting_SanitizeTitleWithDashes" file="/var/www/wordpress-unit-tests/tests/formatting/SanitizeTitleWithDashes.php" line="17" assertions="1" time="0.001683"/>
      <testcase name="test_replaces_any_amount_of_whitespace_with_one_hyphen" class="Tests_Formatting_SanitizeTitleWithDashes" file="/var/www/wordpress-unit-tests/tests/formatting/SanitizeTitleWithDashes.php" line="21" assertions="2" time="0.001890"/>
      <testcase name="test_replaces_any_number_of_hyphens_with_one_hyphen" class="Tests_Formatting_SanitizeTitleWithDashes" file="/var/www/wordpress-unit-tests/tests/formatting/SanitizeTitleWithDashes.php" line="26" assertions="1" time="0.001813"/>
      <testcase name="test_trims_trailing_hyphens" class="Tests_Formatting_SanitizeTitleWithDashes" file="/var/www/wordpress-unit-tests/tests/formatting/SanitizeTitleWithDashes.php" line="30" assertions="1" time="0.001800"/>
      <testcase name="test_handles_non_entity_ampersands" class="Tests_Formatting_SanitizeTitleWithDashes" file="/var/www/wordpress-unit-tests/tests/formatting/SanitizeTitleWithDashes.php" line="34" assertions="1" time="0.001800"/>
      <testcase name="test_replaces_nbsp" class="Tests_Formatting_SanitizeTitleWithDashes" file="/var/www/wordpress-unit-tests/tests/formatting/SanitizeTitleWithDashes.php" line="52" assertions="1" time="0.001859"/>
      <testcase name="test_replaces_ndash_mdash" class="Tests_Formatting_SanitizeTitleWithDashes" file="/var/www/wordpress-unit-tests/tests/formatting/SanitizeTitleWithDashes.php" line="56" assertions="2" time="0.002035"/>
      <testcase name="test_replaces_iexcel_iquest" class="Tests_Formatting_SanitizeTitleWithDashes" file="/var/www/wordpress-unit-tests/tests/formatting/SanitizeTitleWithDashes.php" line="61" assertions="2" time="0.002037"/>
      <testcase name="test_replaces_angle_quotes" class="Tests_Formatting_SanitizeTitleWithDashes" file="/var/www/wordpress-unit-tests/tests/formatting/SanitizeTitleWithDashes.php" line="66" assertions="2" time="0.002072"/>
      <testcase name="test_replaces_curly_quotes" class="Tests_Formatting_SanitizeTitleWithDashes" file="/var/www/wordpress-unit-tests/tests/formatting/SanitizeTitleWithDashes.php" line="71" assertions="5" time="0.003211"/>
      <testcase name="test_replaces_copy_reg_deg_trade" class="Tests_Formatting_SanitizeTitleWithDashes" file="/var/www/wordpress-unit-tests/tests/formatting/SanitizeTitleWithDashes.php" line="79" assertions="4" time="0.002606"/>
      <testcase name="test_replaces_multiply_sign" class="Tests_Formatting_SanitizeTitleWithDashes" file="/var/www/wordpress-unit-tests/tests/formatting/SanitizeTitleWithDashes.php" line="89" assertions="1" time="0.002152"/>
      <testcase name="test_replaces_standalone_diacritic" class="Tests_Formatting_SanitizeTitleWithDashes" file="/var/www/wordpress-unit-tests/tests/formatting/SanitizeTitleWithDashes.php" line="96" assertions="1" time="0.002150"/>
      <testcase name="test_replaces_acute_accents" class="Tests_Formatting_SanitizeTitleWithDashes" file="/var/www/wordpress-unit-tests/tests/formatting/SanitizeTitleWithDashes.php" line="103" assertions="1" time="0.002187"/>
    </testsuite>
    <testsuite name="Tests_Formatting_SanitizeTrackbackUrls" file="/var/www/wordpress-unit-tests/tests/formatting/SanitizeTrackbackUrls.php" fullPackage="Tests.Formatting" tests="8" assertions="8" failures="0" errors="0" time="0.018460">
      <testsuite name="Tests_Formatting_SanitizeTrackbackUrls::test_sanitize_trackback_urls_with_multiple_urls" tests="8" assertions="8" failures="0" errors="0" time="0.018460">
        <testcase name="test_sanitize_trackback_urls_with_multiple_urls with data set #0" assertions="1" time="0.002255"/>
        <testcase name="test_sanitize_trackback_urls_with_multiple_urls with data set #1" assertions="1" time="0.002299"/>
        <testcase name="test_sanitize_trackback_urls_with_multiple_urls with data set #2" assertions="1" time="0.002308"/>
        <testcase name="test_sanitize_trackback_urls_with_multiple_urls with data set #3" assertions="1" time="0.002302"/>
        <testcase name="test_sanitize_trackback_urls_with_multiple_urls with data set #4" assertions="1" time="0.002308"/>
        <testcase name="test_sanitize_trackback_urls_with_multiple_urls with data set #5" assertions="1" time="0.002245"/>
        <testcase name="test_sanitize_trackback_urls_with_multiple_urls with data set #6" assertions="1" time="0.002410"/>
        <testcase name="test_sanitize_trackback_urls_with_multiple_urls with data set #7" assertions="1" time="0.002333"/>
      </testsuite>
    </testsuite>
    <testsuite name="Tests_Formatting_SanitizeUser" file="/var/www/wordpress-unit-tests/tests/formatting/SanitizeUser.php" fullPackage="Tests.Formatting" tests="3" assertions="3" failures="0" errors="0" time="0.006255">
      <testcase name="test_strips_html" class="Tests_Formatting_SanitizeUser" file="/var/www/wordpress-unit-tests/tests/formatting/SanitizeUser.php" line="7" assertions="1" time="0.001556"/>
      <testcase name="test_strips_percent_encoded_octets" class="Tests_Formatting_SanitizeUser" file="/var/www/wordpress-unit-tests/tests/formatting/SanitizeUser.php" line="20" assertions="1" time="0.001637"/>
      <testcase name="test_optional_strict_mode_reduces_to_safe_ascii_subset" class="Tests_Formatting_SanitizeUser" file="/var/www/wordpress-unit-tests/tests/formatting/SanitizeUser.php" line="24" assertions="1" time="0.003062"/>
    </testsuite>
    <testsuite name="Tests_Formatting_SeemsUtf8" file="/var/www/wordpress-unit-tests/tests/formatting/SeemsUtf8.php" fullPackage="Tests.Formatting" tests="5" assertions="5" failures="0" errors="0" time="0.007621">
      <testsuite name="Tests_Formatting_SeemsUtf8::test_returns_true_for_utf8_strings" tests="5" assertions="5" failures="0" errors="0" time="0.007621">
        <testcase name="test_returns_true_for_utf8_strings with data set #0" assertions="1" time="0.001486"/>
        <testcase name="test_returns_true_for_utf8_strings with data set #1" assertions="1" time="0.001437"/>
        <testcase name="test_returns_true_for_utf8_strings with data set #2" assertions="1" time="0.001718"/>
        <testcase name="test_returns_true_for_utf8_strings with data set #3" assertions="1" time="0.001503"/>
        <testcase name="test_returns_true_for_utf8_strings with data set #4" assertions="1" time="0.001477"/>
      </testsuite>
      <testsuite name="Tests_Formatting_SeemsUtf8::test_returns_false_for_non_utf8_strings" tests="0" assertions="0" failures="0" errors="0" time="0.000000"/>
    </testsuite>
    <testsuite name="Tests_Formatting_Slashit" file="/var/www/wordpress-unit-tests/tests/formatting/Slashit.php" fullPackage="Tests.Formatting" tests="5" assertions="6" failures="0" errors="0" time="0.007803">
      <testcase name="test_backslashes_alphas" class="Tests_Formatting_Slashit" file="/var/www/wordpress-unit-tests/tests/formatting/Slashit.php" line="7" assertions="1" time="0.001591"/>
      <testcase name="test_double_backslashes_leading_numbers" class="Tests_Formatting_Slashit" file="/var/www/wordpress-unit-tests/tests/formatting/Slashit.php" line="11" assertions="1" time="0.001541"/>
      <testcase name="test_removes_trailing_slashes" class="Tests_Formatting_Slashit" file="/var/www/wordpress-unit-tests/tests/formatting/Slashit.php" line="15" assertions="2" time="0.001594"/>
      <testcase name="test_adds_trailing_slash" class="Tests_Formatting_Slashit" file="/var/www/wordpress-unit-tests/tests/formatting/Slashit.php" line="20" assertions="1" time="0.001525"/>
      <testcase name="test_does_not_add_trailing_slash_if_one_exists" class="Tests_Formatting_Slashit" file="/var/www/wordpress-unit-tests/tests/formatting/Slashit.php" line="24" assertions="1" time="0.001552"/>
    </testsuite>
    <testsuite name="Tests_Formatting_Smilies" file="/var/www/wordpress-unit-tests/tests/formatting/Smilies.php" fullPackage="Tests.Formatting" tests="1" assertions="12" failures="0" errors="0" time="0.016821">
      <testcase name="test_convert_smilies" class="Tests_Formatting_Smilies" file="/var/www/wordpress-unit-tests/tests/formatting/Smilies.php" line="8" assertions="12" time="0.016821"/>
    </testsuite>
    <testsuite name="Tests_Formatting_StripSlashesDeep" file="/var/www/wordpress-unit-tests/tests/formatting/StripSlashesDeep.php" fullPackage="Tests.Formatting" tests="3" assertions="14" failures="0" errors="0" time="0.009052">
      <testcase name="test_preserves_original_datatype" class="Tests_Formatting_StripSlashesDeep" file="/var/www/wordpress-unit-tests/tests/formatting/StripSlashesDeep.php" line="10" assertions="7" time="0.005013"/>
      <testcase name="test_strips_slashes" class="Tests_Formatting_StripSlashesDeep" file="/var/www/wordpress-unit-tests/tests/formatting/StripSlashesDeep.php" line="27" assertions="5" time="0.002433"/>
      <testcase name="test_permits_escaped_slash" class="Tests_Formatting_StripSlashesDeep" file="/var/www/wordpress-unit-tests/tests/formatting/StripSlashesDeep.php" line="42" assertions="2" time="0.001606"/>
    </testsuite>
    <testsuite name="Tests_Formatting_UrlEncodedToEntities" file="/var/www/wordpress-unit-tests/tests/formatting/UrlEncodedToEntities.php" fullPackage="Tests.Formatting" tests="5" assertions="5" failures="0" errors="0" time="0.008025">
      <testsuite name="Tests_Formatting_UrlEncodedToEntities::test_convert_urlencoded_to_entities" tests="5" assertions="5" failures="0" errors="0" time="0.008025">
        <testcase name="test_convert_urlencoded_to_entities with data set #0" assertions="1" time="0.001555"/>
        <testcase name="test_convert_urlencoded_to_entities with data set #1" assertions="1" time="0.001646"/>
        <testcase name="test_convert_urlencoded_to_entities with data set #2" assertions="1" time="0.001603"/>
        <testcase name="test_convert_urlencoded_to_entities with data set #3" assertions="1" time="0.001649"/>
        <testcase name="test_convert_urlencoded_to_entities with data set #4" assertions="1" time="0.001572"/>
      </testsuite>
    </testsuite>
    <testsuite name="Tests_Formatting_Utf8UriEncode" file="/var/www/wordpress-unit-tests/tests/formatting/Utf8UriEncode.php" fullPackage="Tests.Formatting" tests="10" assertions="10" failures="0" errors="0" time="0.017315">
      <testsuite name="Tests_Formatting_Utf8UriEncode::test_percent_encodes_non_reserved_characters" tests="5" assertions="5" failures="0" errors="0" time="0.008397">
        <testcase name="test_percent_encodes_non_reserved_characters with data set #0" assertions="1" time="0.001643"/>
        <testcase name="test_percent_encodes_non_reserved_characters with data set #1" assertions="1" time="0.001663"/>
        <testcase name="test_percent_encodes_non_reserved_characters with data set #2" assertions="1" time="0.001805"/>
        <testcase name="test_percent_encodes_non_reserved_characters with data set #3" assertions="1" time="0.001633"/>
        <testcase name="test_percent_encodes_non_reserved_characters with data set #4" assertions="1" time="0.001653"/>
      </testsuite>
      <testsuite name="Tests_Formatting_Utf8UriEncode::test_output_is_not_longer_than_optional_length_argument" tests="5" assertions="5" failures="0" errors="0" time="0.008918">
        <testcase name="test_output_is_not_longer_than_optional_length_argument with data set #0" assertions="1" time="0.001557"/>
        <testcase name="test_output_is_not_longer_than_optional_length_argument with data set #1" assertions="1" time="0.001572"/>
        <testcase name="test_output_is_not_longer_than_optional_length_argument with data set #2" assertions="1" time="0.001576"/>
        <testcase name="test_output_is_not_longer_than_optional_length_argument with data set #3" assertions="1" time="0.002645"/>
        <testcase name="test_output_is_not_longer_than_optional_length_argument with data set #4" assertions="1" time="0.001568"/>
      </testsuite>
    </testsuite>
    <testsuite name="Tests_Formatting_WPSpecialchars" file="/var/www/wordpress-unit-tests/tests/formatting/WPSpecialchars.php" fullPackage="Tests.Formatting" tests="4" assertions="262" failures="0" errors="0" time="0.059260">
      <testcase name="test_wp_specialchars_basics" class="Tests_Formatting_WPSpecialchars" file="/var/www/wordpress-unit-tests/tests/formatting/WPSpecialchars.php" line="7" assertions="2" time="0.001813"/>
      <testcase name="test_allowed_entity_names" class="Tests_Formatting_WPSpecialchars" file="/var/www/wordpress-unit-tests/tests/formatting/WPSpecialchars.php" line="15" assertions="246" time="0.052052"/>
      <testcase name="test_not_allowed_entity_names" class="Tests_Formatting_WPSpecialchars" file="/var/www/wordpress-unit-tests/tests/formatting/WPSpecialchars.php" line="25" assertions="10" time="0.003426"/>
      <testcase name="test_optionally_escapes_quotes" class="Tests_Formatting_WPSpecialchars" file="/var/www/wordpress-unit-tests/tests/formatting/WPSpecialchars.php" line="35" assertions="4" time="0.001969"/>
    </testsuite>
    <testsuite name="Tests_Formatting_WPTexturize" file="/var/www/wordpress-unit-tests/tests/formatting/WPTexturize.php" fullPackage="Tests.Formatting" tests="8" assertions="34" failures="0" errors="0" time="0.018162">
      <testcase name="test_dashes" class="Tests_Formatting_WPTexturize" file="/var/www/wordpress-unit-tests/tests/formatting/WPTexturize.php" line="7" assertions="2" time="0.001915"/>
      <testcase name="test_disable" class="Tests_Formatting_WPTexturize" file="/var/www/wordpress-unit-tests/tests/formatting/WPTexturize.php" line="12" assertions="8" time="0.003345"/>
      <testcase name="test_bracketed_quotes_1418" class="Tests_Formatting_WPTexturize" file="/var/www/wordpress-unit-tests/tests/formatting/WPTexturize.php" line="33" assertions="3" time="0.001988"/>
      <testcase name="test_bracketed_quotes_3810" class="Tests_Formatting_WPTexturize" file="/var/www/wordpress-unit-tests/tests/formatting/WPTexturize.php" line="40" assertions="1" time="0.001630"/>
      <testcase name="test_basic_quotes" class="Tests_Formatting_WPTexturize" file="/var/www/wordpress-unit-tests/tests/formatting/WPTexturize.php" line="45" assertions="12" time="0.003589"/>
      <testcase name="test_quotes_after_numbers" class="Tests_Formatting_WPTexturize" file="/var/www/wordpress-unit-tests/tests/formatting/WPTexturize.php" line="119" assertions="1" time="0.001619"/>
      <testcase name="test_x" class="Tests_Formatting_WPTexturize" file="/var/www/wordpress-unit-tests/tests/formatting/WPTexturize.php" line="133" assertions="1" time="0.001610"/>
      <testcase name="test_minutes_seconds" class="Tests_Formatting_WPTexturize" file="/var/www/wordpress-unit-tests/tests/formatting/WPTexturize.php" line="137" assertions="6" time="0.002466"/>
    </testsuite>
    <testsuite name="Tests_Formatting_WPTrimWords" file="/var/www/wordpress-unit-tests/tests/formatting/WPTrimWords.php" fullPackage="Tests.Formatting" tests="6" assertions="7" failures="0" errors="0" time="0.010153">
      <testcase name="test_trims_to_55_by_default" class="Tests_Formatting_WPTrimWords" file="/var/www/wordpress-unit-tests/tests/formatting/WPTrimWords.php" line="9" assertions="1" time="0.001785"/>
      <testcase name="test_trims_to_10" class="Tests_Formatting_WPTrimWords" file="/var/www/wordpress-unit-tests/tests/formatting/WPTrimWords.php" line="14" assertions="1" time="0.001623"/>
      <testcase name="test_trims_to_5_and_uses_custom_more" class="Tests_Formatting_WPTrimWords" file="/var/www/wordpress-unit-tests/tests/formatting/WPTrimWords.php" line="19" assertions="1" time="0.001619"/>
      <testcase name="test_strips_tags_before_trimming" class="Tests_Formatting_WPTrimWords" file="/var/www/wordpress-unit-tests/tests/formatting/WPTrimWords.php" line="24" assertions="1" time="0.001642"/>
      <testcase name="test_strips_script_and_style_content" class="Tests_Formatting_WPTrimWords" file="/var/www/wordpress-unit-tests/tests/formatting/WPTrimWords.php" line="31" assertions="2" time="0.001852"/>
      <testcase name="test_doesnt_trim_short_text" class="Tests_Formatting_WPTrimWords" file="/var/www/wordpress-unit-tests/tests/formatting/WPTrimWords.php" line="41" assertions="1" time="0.001632"/>
    </testsuite>
    <testsuite name="Tests_Formatting_Zeroise" file="/var/www/wordpress-unit-tests/tests/formatting/Zeroise.php" fullPackage="Tests.Formatting" tests="2" assertions="2" failures="0" errors="0" time="0.003139">
      <testcase name="test_pads_with_leading_zeroes" class="Tests_Formatting_Zeroise" file="/var/www/wordpress-unit-tests/tests/formatting/Zeroise.php" line="7" assertions="1" time="0.001584"/>
      <testcase name="test_does_nothing_if_input_is_already_longer" class="Tests_Formatting_Zeroise" file="/var/www/wordpress-unit-tests/tests/formatting/Zeroise.php" line="11" assertions="1" time="0.001555"/>
    </testsuite>
    <testsuite name="Tests_Formatting_BalanceTags" file="/var/www/wordpress-unit-tests/tests/formatting/balanceTags.php" fullPackage="Tests.Formatting" tests="50" assertions="72" failures="0" errors="0" time="0.099927">
      <testsuite name="Tests_Formatting_BalanceTags::test_selfcloses_unclosed_basic_known_single_tags" tests="4" assertions="4" failures="0" errors="0" time="0.006463">
        <testcase name="test_selfcloses_unclosed_basic_known_single_tags with data set #0" assertions="1" time="0.001629"/>
        <testcase name="test_selfcloses_unclosed_basic_known_single_tags with data set #1" assertions="1" time="0.001604"/>
        <testcase name="test_selfcloses_unclosed_basic_known_single_tags with data set #2" assertions="1" time="0.001615"/>
        <testcase name="test_selfcloses_unclosed_basic_known_single_tags with data set #3" assertions="1" time="0.001615"/>
      </testsuite>
      <testsuite name="Tests_Formatting_BalanceTags::test_selfcloses_unclosed_known_single_tags" tests="16" assertions="16" failures="0" errors="0" time="0.032521">
        <testcase name="test_selfcloses_unclosed_known_single_tags with data set #0" assertions="1" time="0.002050"/>
        <testcase name="test_selfcloses_unclosed_known_single_tags with data set #1" assertions="1" time="0.002012"/>
        <testcase name="test_selfcloses_unclosed_known_single_tags with data set #2" assertions="1" time="0.002039"/>
        <testcase name="test_selfcloses_unclosed_known_single_tags with data set #3" assertions="1" time="0.002016"/>
        <testcase name="test_selfcloses_unclosed_known_single_tags with data set #4" assertions="1" time="0.002020"/>
        <testcase name="test_selfcloses_unclosed_known_single_tags with data set #5" assertions="1" time="0.002020"/>
        <testcase name="test_selfcloses_unclosed_known_single_tags with data set #6" assertions="1" time="0.002023"/>
        <testcase name="test_selfcloses_unclosed_known_single_tags with data set #7" assertions="1" time="0.002036"/>
        <testcase name="test_selfcloses_unclosed_known_single_tags with data set #8" assertions="1" time="0.002033"/>
        <testcase name="test_selfcloses_unclosed_known_single_tags with data set #9" assertions="1" time="0.002024"/>
        <testcase name="test_selfcloses_unclosed_known_single_tags with data set #10" assertions="1" time="0.002039"/>
        <testcase name="test_selfcloses_unclosed_known_single_tags with data set #11" assertions="1" time="0.002052"/>
        <testcase name="test_selfcloses_unclosed_known_single_tags with data set #12" assertions="1" time="0.002030"/>
        <testcase name="test_selfcloses_unclosed_known_single_tags with data set #13" assertions="1" time="0.002044"/>
        <testcase name="test_selfcloses_unclosed_known_single_tags with data set #14" assertions="1" time="0.002026"/>
        <testcase name="test_selfcloses_unclosed_known_single_tags with data set #15" assertions="1" time="0.002057"/>
      </testsuite>
      <testsuite name="Tests_Formatting_BalanceTags::test_selfcloses_basic_known_single_tags_having_closing_tag" tests="4" assertions="4" failures="0" errors="0" time="0.006526">
        <testcase name="test_selfcloses_basic_known_single_tags_having_closing_tag with data set #0" assertions="1" time="0.001645"/>
        <testcase name="test_selfcloses_basic_known_single_tags_having_closing_tag with data set #1" assertions="1" time="0.001635"/>
        <testcase name="test_selfcloses_basic_known_single_tags_having_closing_tag with data set #2" assertions="1" time="0.001612"/>
        <testcase name="test_selfcloses_basic_known_single_tags_having_closing_tag with data set #3" assertions="1" time="0.001634"/>
      </testsuite>
      <testsuite name="Tests_Formatting_BalanceTags::test_selfcloses_known_single_tags_having_closing_tag" tests="16" assertions="16" failures="0" errors="0" time="0.033082">
        <testcase name="test_selfcloses_known_single_tags_having_closing_tag with data set #0" assertions="1" time="0.002055"/>
        <testcase name="test_selfcloses_known_single_tags_having_closing_tag with data set #1" assertions="1" time="0.002041"/>
        <testcase name="test_selfcloses_known_single_tags_having_closing_tag with data set #2" assertions="1" time="0.002063"/>
        <testcase name="test_selfcloses_known_single_tags_having_closing_tag with data set #3" assertions="1" time="0.002051"/>
        <testcase name="test_selfcloses_known_single_tags_having_closing_tag with data set #4" assertions="1" time="0.002068"/>
        <testcase name="test_selfcloses_known_single_tags_having_closing_tag with data set #5" assertions="1" time="0.002061"/>
        <testcase name="test_selfcloses_known_single_tags_having_closing_tag with data set #6" assertions="1" time="0.002041"/>
        <testcase name="test_selfcloses_known_single_tags_having_closing_tag with data set #7" assertions="1" time="0.002056"/>
        <testcase name="test_selfcloses_known_single_tags_having_closing_tag with data set #8" assertions="1" time="0.002031"/>
        <testcase name="test_selfcloses_known_single_tags_having_closing_tag with data set #9" assertions="1" time="0.002057"/>
        <testcase name="test_selfcloses_known_single_tags_having_closing_tag with data set #10" assertions="1" time="0.002041"/>
        <testcase name="test_selfcloses_known_single_tags_having_closing_tag with data set #11" assertions="1" time="0.002051"/>
        <testcase name="test_selfcloses_known_single_tags_having_closing_tag with data set #12" assertions="1" time="0.002053"/>
        <testcase name="test_selfcloses_known_single_tags_having_closing_tag with data set #13" assertions="1" time="0.002303"/>
        <testcase name="test_selfcloses_known_single_tags_having_closing_tag with data set #14" assertions="1" time="0.002055"/>
        <testcase name="test_selfcloses_known_single_tags_having_closing_tag with data set #15" assertions="1" time="0.002055"/>
      </testsuite>
      <testcase name="test_closes_unknown_single_tags_with_closing_tag" class="Tests_Formatting_BalanceTags" file="/var/www/wordpress-unit-tests/tests/formatting/balanceTags.php" line="76" assertions="4" time="0.002467"/>
      <testcase name="test_closes_unclosed_single_tags_having_attributes" class="Tests_Formatting_BalanceTags" file="/var/www/wordpress-unit-tests/tests/formatting/balanceTags.php" line="96" assertions="2" time="0.001729"/>
      <testcase name="test_allows_validly_closed_single_tags" class="Tests_Formatting_BalanceTags" file="/var/www/wordpress-unit-tests/tests/formatting/balanceTags.php" line="111" assertions="4" time="0.002025"/>
      <testcase name="test_balances_nestable_tags" class="Tests_Formatting_BalanceTags" file="/var/www/wordpress-unit-tests/tests/formatting/balanceTags.php" line="124" assertions="3" time="0.002007"/>
      <testcase name="test_allows_adjacent_nestable_tags" class="Tests_Formatting_BalanceTags" file="/var/www/wordpress-unit-tests/tests/formatting/balanceTags.php" line="141" assertions="5" time="0.002551"/>
      <testcase name="test_allows_immediately_nested_object_tags" class="Tests_Formatting_BalanceTags" file="/var/www/wordpress-unit-tests/tests/formatting/balanceTags.php" line="158" assertions="1" time="0.002165"/>
      <testcase name="test_balances_nested_non_nestable_tags" class="Tests_Formatting_BalanceTags" file="/var/www/wordpress-unit-tests/tests/formatting/balanceTags.php" line="164" assertions="2" time="0.001917"/>
      <testcase name="test_fixes_improper_closing_tag_sequence" class="Tests_Formatting_BalanceTags" file="/var/www/wordpress-unit-tests/tests/formatting/balanceTags.php" line="179" assertions="2" time="0.001997"/>
      <testcase name="test_adds_missing_closing_tags" class="Tests_Formatting_BalanceTags" file="/var/www/wordpress-unit-tests/tests/formatting/balanceTags.php" line="194" assertions="5" time="0.002314"/>
      <testcase name="test_removes_extraneous_closing_tags" class="Tests_Formatting_BalanceTags" file="/var/www/wordpress-unit-tests/tests/formatting/balanceTags.php" line="215" assertions="4" time="0.002163"/>
    </testsuite>
    <testsuite name="Tests_Formatting_Ent2NCR" file="/var/www/wordpress-unit-tests/tests/formatting/ent2ncr.php" fullPackage="Tests.Formatting" tests="251" assertions="251" failures="0" errors="0" time="0.458825">
      <testsuite name="Tests_Formatting_Ent2NCR::test_converts_named_entities_to_numeric_character_references" tests="251" assertions="251" failures="0" errors="0" time="0.458825">
        <testcase name="test_converts_named_entities_to_numeric_character_references with data set #0" assertions="1" time="0.001885"/>
        <testcase name="test_converts_named_entities_to_numeric_character_references with data set #1" assertions="1" time="0.001712"/>
        <testcase name="test_converts_named_entities_to_numeric_character_references with data set #2" assertions="1" time="0.001733"/>
        <testcase name="test_converts_named_entities_to_numeric_character_references with data set #3" assertions="1" time="0.001706"/>
        <testcase name="test_converts_named_entities_to_numeric_character_references with data set #4" assertions="1" time="0.001719"/>
        <testcase name="test_converts_named_entities_to_numeric_character_references with data set #5" assertions="1" time="0.001954"/>
        <testcase name="test_converts_named_entities_to_numeric_character_references with data set #6" assertions="1" time="0.001818"/>
        <testcase name="test_converts_named_entities_to_numeric_character_references with data set #7" assertions="1" time="0.001773"/>
[...]
    </testsuite>
    <testsuite name="Tests_XMLRPC_wp_getRevisions" file="/var/www/wordpress-unit-tests/tests/xmlrpc/wp/getRevisions.php" fullPackage="Tests.XMLRPC.wp" tests="5" assertions="10" failures="0" errors="0" time="0.386812">
      <testcase name="test_invalid_username_password" class="Tests_XMLRPC_wp_getRevisions" file="/var/www/wordpress-unit-tests/tests/xmlrpc/wp/getRevisions.php" line="8" assertions="2" time="0.004636"/>
      <testcase name="test_incapable_user" class="Tests_XMLRPC_wp_getRevisions" file="/var/www/wordpress-unit-tests/tests/xmlrpc/wp/getRevisions.php" line="14" assertions="2" time="0.076984"/>
      <testcase name="test_capable_user" class="Tests_XMLRPC_wp_getRevisions" file="/var/www/wordpress-unit-tests/tests/xmlrpc/wp/getRevisions.php" line="24" assertions="1" time="0.081018"/>
      <testcase name="test_revision_count" class="Tests_XMLRPC_wp_getRevisions" file="/var/www/wordpress-unit-tests/tests/xmlrpc/wp/getRevisions.php" line="32" assertions="4" time="0.119251"/>
      <testcase name="test_revision_count_for_auto_draft_post_creation" class="Tests_XMLRPC_wp_getRevisions" file="/var/www/wordpress-unit-tests/tests/xmlrpc/wp/getRevisions.php" line="51" assertions="1" time="0.104923"/>
    </testsuite>
    <testsuite name="Tests_XMLRPC_wp_getTaxonomies" file="/var/www/wordpress-unit-tests/tests/xmlrpc/wp/getTaxonomies.php" fullPackage="Tests.XMLRPC.wp" tests="2" assertions="3" failures="0" errors="0" time="0.069060">
      <testcase name="test_invalid_username_password" class="Tests_XMLRPC_wp_getTaxonomies" file="/var/www/wordpress-unit-tests/tests/xmlrpc/wp/getTaxonomies.php" line="8" assertions="2" time="0.005156"/>
      <testcase name="test_taxonomy_validated" class="Tests_XMLRPC_wp_getTaxonomies" file="/var/www/wordpress-unit-tests/tests/xmlrpc/wp/getTaxonomies.php" line="14" assertions="1" time="0.063904"/>
    </testsuite>
    <testsuite name="Tests_XMLRPC_wp_getTaxonomy" file="/var/www/wordpress-unit-tests/tests/xmlrpc/wp/getTaxonomy.php" fullPackage="Tests.XMLRPC.wp" tests="6" assertions="21" failures="0" errors="0" time="0.323836">
      <testcase name="test_invalid_username_password" class="Tests_XMLRPC_wp_getTaxonomy" file="/var/www/wordpress-unit-tests/tests/xmlrpc/wp/getTaxonomy.php" line="8" assertions="2" time="0.004720"/>
      <testcase name="test_empty_taxonomy" class="Tests_XMLRPC_wp_getTaxonomy" file="/var/www/wordpress-unit-tests/tests/xmlrpc/wp/getTaxonomy.php" line="14" assertions="3" time="0.063277"/>
      <testcase name="test_invalid_taxonomy" class="Tests_XMLRPC_wp_getTaxonomy" file="/var/www/wordpress-unit-tests/tests/xmlrpc/wp/getTaxonomy.php" line="23" assertions="3" time="0.063618"/>
      <testcase name="test_incapable_user" class="Tests_XMLRPC_wp_getTaxonomy" file="/var/www/wordpress-unit-tests/tests/xmlrpc/wp/getTaxonomy.php" line="32" assertions="3" time="0.063316"/>
      <testcase name="test_taxonomy_validated" class="Tests_XMLRPC_wp_getTaxonomy" file="/var/www/wordpress-unit-tests/tests/xmlrpc/wp/getTaxonomy.php" line="41" assertions="1" time="0.061935"/>
      <testcase name="test_prepare_taxonomy" class="Tests_XMLRPC_wp_getTaxonomy" file="/var/www/wordpress-unit-tests/tests/xmlrpc/wp/getTaxonomy.php" line="48" assertions="9" time="0.066970"/>
    </testsuite>
    <testsuite name="Tests_XMLRPC_wp_getTerm" file="/var/www/wordpress-unit-tests/tests/xmlrpc/wp/getTerm.php" fullPackage="Tests.XMLRPC.wp" tests="7" assertions="40" failures="0" errors="0" time="0.424320">
      <testcase name="test_invalid_username_password" class="Tests_XMLRPC_wp_getTerm" file="/var/www/wordpress-unit-tests/tests/xmlrpc/wp/getTerm.php" line="16" assertions="3" time="0.009925"/>
      <testcase name="test_empty_taxonomy" class="Tests_XMLRPC_wp_getTerm" file="/var/www/wordpress-unit-tests/tests/xmlrpc/wp/getTerm.php" line="22" assertions="4" time="0.074677"/>
      <testcase name="test_invalid_taxonomy" class="Tests_XMLRPC_wp_getTerm" file="/var/www/wordpress-unit-tests/tests/xmlrpc/wp/getTerm.php" line="31" assertions="4" time="0.067227"/>
      <testcase name="test_incapable_user" class="Tests_XMLRPC_wp_getTerm" file="/var/www/wordpress-unit-tests/tests/xmlrpc/wp/getTerm.php" line="40" assertions="4" time="0.068132"/>
      <testcase name="test_empty_term" class="Tests_XMLRPC_wp_getTerm" file="/var/www/wordpress-unit-tests/tests/xmlrpc/wp/getTerm.php" line="50" assertions="4" time="0.067504"/>
      <testcase name="test_invalid_term" class="Tests_XMLRPC_wp_getTerm" file="/var/www/wordpress-unit-tests/tests/xmlrpc/wp/getTerm.php" line="59" assertions="4" time="0.066660"/>
      <testcase name="test_valid_term" class="Tests_XMLRPC_wp_getTerm" file="/var/www/wordpress-unit-tests/tests/xmlrpc/wp/getTerm.php" line="68" assertions="17" time="0.070195"/>
    </testsuite>
    <testsuite name="Tests_XMLRPC_wp_getTerms" file="/var/www/wordpress-unit-tests/tests/xmlrpc/wp/getTerms.php" fullPackage="Tests.XMLRPC.wp" tests="8" assertions="54" failures="0" errors="0" time="0.749194">
      <testcase name="test_invalid_username_password" class="Tests_XMLRPC_wp_getTerms" file="/var/www/wordpress-unit-tests/tests/xmlrpc/wp/getTerms.php" line="8" assertions="2" time="0.004779"/>
      <testcase name="test_empty_taxonomy" class="Tests_XMLRPC_wp_getTerms" file="/var/www/wordpress-unit-tests/tests/xmlrpc/wp/getTerms.php" line="14" assertions="3" time="0.063795"/>
      <testcase name="test_invalid_taxonomy" class="Tests_XMLRPC_wp_getTerms" file="/var/www/wordpress-unit-tests/tests/xmlrpc/wp/getTerms.php" line="23" assertions="3" time="0.074245"/>
      <testcase name="test_incapable_user" class="Tests_XMLRPC_wp_getTerms" file="/var/www/wordpress-unit-tests/tests/xmlrpc/wp/getTerms.php" line="32" assertions="3" time="0.062702"/>
      <testcase name="test_valid_terms" class="Tests_XMLRPC_wp_getTerms" file="/var/www/wordpress-unit-tests/tests/xmlrpc/wp/getTerms.php" line="41" assertions="11" time="0.068090"/>
      <testcase name="test_custom_taxonomy" class="Tests_XMLRPC_wp_getTerms" file="/var/www/wordpress-unit-tests/tests/xmlrpc/wp/getTerms.php" line="61" assertions="22" time="0.175693"/>
      <testcase name="test_term_ordering" class="Tests_XMLRPC_wp_getTerms" file="/var/www/wordpress-unit-tests/tests/xmlrpc/wp/getTerms.php" line="103" assertions="2" time="0.204465"/>
      <testcase name="test_terms_search" class="Tests_XMLRPC_wp_getTerms" file="/var/www/wordpress-unit-tests/tests/xmlrpc/wp/getTerms.php" line="127" assertions="8" time="0.095425"/>
    </testsuite>
    <testsuite name="Tests_XMLRPC_wp_getUser" file="/var/www/wordpress-unit-tests/tests/xmlrpc/wp/getUser.php" fullPackage="Tests.XMLRPC.wp" tests="8" assertions="44" failures="0" errors="0" time="0.863088">
      <testcase name="test_invalid_username_password" class="Tests_XMLRPC_wp_getUser" file="/var/www/wordpress-unit-tests/tests/xmlrpc/wp/getUser.php" line="26" assertions="2" time="0.046141"/>
      <testcase name="test_invalid_user" class="Tests_XMLRPC_wp_getUser" file="/var/www/wordpress-unit-tests/tests/xmlrpc/wp/getUser.php" line="32" assertions="2" time="0.065145"/>
      <testcase name="test_incapable_user" class="Tests_XMLRPC_wp_getUser" file="/var/www/wordpress-unit-tests/tests/xmlrpc/wp/getUser.php" line="38" assertions="2" time="0.158598"/>
      <testcase name="test_subscriber_self" class="Tests_XMLRPC_wp_getUser" file="/var/www/wordpress-unit-tests/tests/xmlrpc/wp/getUser.php" line="47" assertions="2" time="0.105239"/>
      <testcase name="test_valid_user" class="Tests_XMLRPC_wp_getUser" file="/var/www/wordpress-unit-tests/tests/xmlrpc/wp/getUser.php" line="55" assertions="27" time="0.120482"/>
      <testcase name="test_no_fields" class="Tests_XMLRPC_wp_getUser" file="/var/www/wordpress-unit-tests/tests/xmlrpc/wp/getUser.php" line="110" assertions="3" time="0.145539"/>
      <testcase name="test_basic_fields" class="Tests_XMLRPC_wp_getUser" file="/var/www/wordpress-unit-tests/tests/xmlrpc/wp/getUser.php" line="121" assertions="3" time="0.108446"/>
      <testcase name="test_arbitrary_fields" class="Tests_XMLRPC_wp_getUser" file="/var/www/wordpress-unit-tests/tests/xmlrpc/wp/getUser.php" line="132" assertions="3" time="0.113498"/>
    </testsuite>
    <testsuite name="Tests_XMLRPC_wp_getUsers" file="/var/www/wordpress-unit-tests/tests/xmlrpc/wp/getUsers.php" fullPackage="Tests.XMLRPC.wp" tests="7" assertions="31" failures="0" errors="0" time="1.104573">
      <testcase name="test_invalid_username_password" class="Tests_XMLRPC_wp_getUsers" file="/var/www/wordpress-unit-tests/tests/xmlrpc/wp/getUsers.php" line="9" assertions="2" time="0.005855"/>
      <testcase name="test_incapable_user" class="Tests_XMLRPC_wp_getUsers" file="/var/www/wordpress-unit-tests/tests/xmlrpc/wp/getUsers.php" line="15" assertions="2" time="0.065157"/>
      <testcase name="test_capable_user" class="Tests_XMLRPC_wp_getUsers" file="/var/www/wordpress-unit-tests/tests/xmlrpc/wp/getUsers.php" line="23" assertions="14" time="0.071072"/>
      <testcase name="test_invalid_role" class="Tests_XMLRPC_wp_getUsers" file="/var/www/wordpress-unit-tests/tests/xmlrpc/wp/getUsers.php" line="45" assertions="2" time="0.066953"/>
      <testcase name="test_role_filter" class="Tests_XMLRPC_wp_getUsers" file="/var/www/wordpress-unit-tests/tests/xmlrpc/wp/getUsers.php" line="56" assertions="5" time="0.170690"/>
      <testcase name="test_paging_filters" class="Tests_XMLRPC_wp_getUsers" file="/var/www/wordpress-unit-tests/tests/xmlrpc/wp/getUsers.php" line="77" assertions="1" time="0.657154"/>
      <testcase name="test_order_filters" class="Tests_XMLRPC_wp_getUsers" file="/var/www/wordpress-unit-tests/tests/xmlrpc/wp/getUsers.php" line="102" assertions="5" time="0.067692"/>
    </testsuite>
    <testsuite name="Tests_XMLRPC_wp_newPost" file="/var/www/wordpress-unit-tests/tests/xmlrpc/wp/newPost.php" fullPackage="Tests.XMLRPC.wp" tests="24" assertions="60" failures="0" errors="0" time="2.081695">
      <testcase name="test_invalid_username_password" class="Tests_XMLRPC_wp_newPost" file="/var/www/wordpress-unit-tests/tests/xmlrpc/wp/newPost.php" line="8" assertions="2" time="0.004811"/>
      <testcase name="test_incapable_user" class="Tests_XMLRPC_wp_newPost" file="/var/www/wordpress-unit-tests/tests/xmlrpc/wp/newPost.php" line="14" assertions="2" time="0.066415"/>
      <testcase name="test_no_content" class="Tests_XMLRPC_wp_newPost" file="/var/www/wordpress-unit-tests/tests/xmlrpc/wp/newPost.php" line="22" assertions="3" time="0.077829"/>
      <testcase name="test_basic_content" class="Tests_XMLRPC_wp_newPost" file="/var/www/wordpress-unit-tests/tests/xmlrpc/wp/newPost.php" line="31" assertions="2" time="0.092282"/>
      <testcase name="test_ignore_id" class="Tests_XMLRPC_wp_newPost" file="/var/www/wordpress-unit-tests/tests/xmlrpc/wp/newPost.php" line="40" assertions="2" time="0.086862"/>
      <testcase name="test_capable_publish" class="Tests_XMLRPC_wp_newPost" file="/var/www/wordpress-unit-tests/tests/xmlrpc/wp/newPost.php" line="49" assertions="1" time="0.089118"/>
      <testcase name="test_incapable_publish" class="Tests_XMLRPC_wp_newPost" file="/var/www/wordpress-unit-tests/tests/xmlrpc/wp/newPost.php" line="57" assertions="2" time="0.063493"/>
      <testcase name="test_capable_private" class="Tests_XMLRPC_wp_newPost" file="/var/www/wordpress-unit-tests/tests/xmlrpc/wp/newPost.php" line="66" assertions="1" time="0.086485"/>
      <testcase name="test_incapable_private" class="Tests_XMLRPC_wp_newPost" file="/var/www/wordpress-unit-tests/tests/xmlrpc/wp/newPost.php" line="74" assertions="2" time="0.063432"/>
      <testcase name="test_capable_other_author" class="Tests_XMLRPC_wp_newPost" file="/var/www/wordpress-unit-tests/tests/xmlrpc/wp/newPost.php" line="83" assertions="1" time="0.130140"/>
      <testcase name="test_incapable_other_author" class="Tests_XMLRPC_wp_newPost" file="/var/www/wordpress-unit-tests/tests/xmlrpc/wp/newPost.php" line="92" assertions="2" time="0.104428"/>
      <testcase name="test_invalid_author" class="Tests_XMLRPC_wp_newPost" file="/var/www/wordpress-unit-tests/tests/xmlrpc/wp/newPost.php" line="102" assertions="2" time="0.074552"/>
      <testcase name="test_empty_author" class="Tests_XMLRPC_wp_newPost" file="/var/www/wordpress-unit-tests/tests/xmlrpc/wp/newPost.php" line="111" assertions="4" time="0.086382"/>
      <testcase name="test_post_thumbnail" class="Tests_XMLRPC_wp_newPost" file="/var/www/wordpress-unit-tests/tests/xmlrpc/wp/newPost.php" line="124" assertions="3" time="0.102569"/>
      <testcase name="test_invalid_post_status" class="Tests_XMLRPC_wp_newPost" file="/var/www/wordpress-unit-tests/tests/xmlrpc/wp/newPost.php" line="151" assertions="2" time="0.087070"/>
      <testcase name="test_incapable_sticky" class="Tests_XMLRPC_wp_newPost" file="/var/www/wordpress-unit-tests/tests/xmlrpc/wp/newPost.php" line="160" assertions="2" time="0.072546"/>
      <testcase name="test_capable_sticky" class="Tests_XMLRPC_wp_newPost" file="/var/www/wordpress-unit-tests/tests/xmlrpc/wp/newPost.php" line="169" assertions="2" time="0.087293"/>
      <testcase name="test_private_sticky" class="Tests_XMLRPC_wp_newPost" file="/var/www/wordpress-unit-tests/tests/xmlrpc/wp/newPost.php" line="178" assertions="2" time="0.072951"/>
      <testcase name="test_post_format" class="Tests_XMLRPC_wp_newPost" file="/var/www/wordpress-unit-tests/tests/xmlrpc/wp/newPost.php" line="187" assertions="2" time="0.096882"/>
      <testcase name="test_invalid_post_format" class="Tests_XMLRPC_wp_newPost" file="/var/www/wordpress-unit-tests/tests/xmlrpc/wp/newPost.php" line="196" assertions="2" time="0.090022"/>
      <testcase name="test_invalid_taxonomy" class="Tests_XMLRPC_wp_newPost" file="/var/www/wordpress-unit-tests/tests/xmlrpc/wp/newPost.php" line="205" assertions="4" time="0.100327"/>
      <testcase name="test_invalid_term_id" class="Tests_XMLRPC_wp_newPost" file="/var/www/wordpress-unit-tests/tests/xmlrpc/wp/newPost.php" line="229" assertions="2" time="0.075640"/>
      <testcase name="test_terms" class="Tests_XMLRPC_wp_newPost" file="/var/www/wordpress-unit-tests/tests/xmlrpc/wp/newPost.php" line="243" assertions="7" time="0.120926"/>
      <testcase name="test_terms_names" class="Tests_XMLRPC_wp_newPost" file="/var/www/wordpress-unit-tests/tests/xmlrpc/wp/newPost.php" line="268" assertions="6" time="0.149241"/>
    </testsuite>
    <testsuite name="Tests_XMLRPC_wp_newTerm" file="/var/www/wordpress-unit-tests/tests/xmlrpc/wp/newTerm.php" fullPackage="Tests.XMLRPC.wp" tests="11" assertions="39" failures="0" errors="0" time="0.711569">
      <testcase name="test_invalid_username_password" class="Tests_XMLRPC_wp_newTerm" file="/var/www/wordpress-unit-tests/tests/xmlrpc/wp/newTerm.php" line="17" assertions="3" time="0.009765"/>
      <testcase name="test_empty_taxonomy" class="Tests_XMLRPC_wp_newTerm" file="/var/www/wordpress-unit-tests/tests/xmlrpc/wp/newTerm.php" line="23" assertions="4" time="0.066934"/>
      <testcase name="test_invalid_taxonomy" class="Tests_XMLRPC_wp_newTerm" file="/var/www/wordpress-unit-tests/tests/xmlrpc/wp/newTerm.php" line="32" assertions="4" time="0.068277"/>
      <testcase name="test_incapable_user" class="Tests_XMLRPC_wp_newTerm" file="/var/www/wordpress-unit-tests/tests/xmlrpc/wp/newTerm.php" line="41" assertions="4" time="0.068685"/>
      <testcase name="test_empty_term" class="Tests_XMLRPC_wp_newTerm" file="/var/www/wordpress-unit-tests/tests/xmlrpc/wp/newTerm.php" line="50" assertions="4" time="0.068605"/>
      <testcase name="test_parent_for_nonhierarchical" class="Tests_XMLRPC_wp_newTerm" file="/var/www/wordpress-unit-tests/tests/xmlrpc/wp/newTerm.php" line="59" assertions="4" time="0.067831"/>
      <testcase name="test_parent_invalid" class="Tests_XMLRPC_wp_newTerm" file="/var/www/wordpress-unit-tests/tests/xmlrpc/wp/newTerm.php" line="68" assertions="3" time="0.068220"/>
      <testcase name="test_parent_not_existing" class="Tests_XMLRPC_wp_newTerm" file="/var/www/wordpress-unit-tests/tests/xmlrpc/wp/newTerm.php" line="76" assertions="4" time="0.068110"/>
      <testcase name="test_add_term" class="Tests_XMLRPC_wp_newTerm" file="/var/www/wordpress-unit-tests/tests/xmlrpc/wp/newTerm.php" line="86" assertions="3" time="0.071412"/>
      <testcase name="test_add_term_with_parent" class="Tests_XMLRPC_wp_newTerm" file="/var/www/wordpress-unit-tests/tests/xmlrpc/wp/newTerm.php" line="94" assertions="3" time="0.070597"/>
      <testcase name="test_add_term_with_all" class="Tests_XMLRPC_wp_newTerm" file="/var/www/wordpress-unit-tests/tests/xmlrpc/wp/newTerm.php" line="102" assertions="3" time="0.083133"/>
    </testsuite>
    <testsuite name="Tests_XMLRPC_wp_restoreRevision" file="/var/www/wordpress-unit-tests/tests/xmlrpc/wp/restoreRevision.php" fullPackage="Tests.XMLRPC.wp" tests="4" assertions="7" failures="0" errors="0" time="0.458128">
      <testcase name="test_invalid_username_password" class="Tests_XMLRPC_wp_restoreRevision" file="/var/www/wordpress-unit-tests/tests/xmlrpc/wp/restoreRevision.php" line="21" assertions="2" time="0.044537"/>
      <testcase name="test_incapable_user" class="Tests_XMLRPC_wp_restoreRevision" file="/var/www/wordpress-unit-tests/tests/xmlrpc/wp/restoreRevision.php" line="27" assertions="2" time="0.145277"/>
      <testcase name="test_capable_user" class="Tests_XMLRPC_wp_restoreRevision" file="/var/www/wordpress-unit-tests/tests/xmlrpc/wp/restoreRevision.php" line="35" assertions="1" time="0.146344"/>
      <testcase name="test_revision_restored" class="Tests_XMLRPC_wp_restoreRevision" file="/var/www/wordpress-unit-tests/tests/xmlrpc/wp/restoreRevision.php" line="42" assertions="2" time="0.121970"/>
    </testsuite>
    <testsuite name="Tests_XMLRPC_wp_uploadFile" file="/var/www/wordpress-unit-tests/tests/xmlrpc/wp/uploadFile.php" fullPackage="Tests.XMLRPC.wp" tests="1" assertions="6" failures="0" errors="0" time="0.131728">
      <testcase name="test_valid_attachment" class="Tests_XMLRPC_wp_uploadFile" file="/var/www/wordpress-unit-tests/tests/xmlrpc/wp/uploadFile.php" line="8" assertions="6" time="0.131728"/>
    </testsuite>
    <testsuite name="Tests_Actions_Closures" file="/var/www/wordpress-unit-tests/tests/actions/closures.php" fullPackage="Tests.Actions" tests="1" assertions="4" failures="0" errors="0" time="0.012962">
      <testcase name="test_action_closure" class="Tests_Actions_Closures" file="/var/www/wordpress-unit-tests/tests/actions/closures.php" line="13" assertions="4" time="0.012962"/>
    </testsuite>
    <testsuite name="Tests_Image_Editor" file="/var/www/wordpress-unit-tests/tests/image/editor.php" fullPackage="Tests.Image" tests="6" assertions="15" failures="0" errors="0" time="0.009384">
      <testcase name="test_get_editor_load_returns_true" class="Tests_Image_Editor" file="/var/www/wordpress-unit-tests/tests/image/editor.php" line="26" assertions="1" time="0.001161"/>
      <testcase name="test_get_editor_load_returns_false" class="Tests_Image_Editor" file="/var/www/wordpress-unit-tests/tests/image/editor.php" line="36" assertions="1" time="0.000923"/>
      <testcase name="test_set_quality" class="Tests_Image_Editor" file="/var/www/wordpress-unit-tests/tests/image/editor.php" line="50" assertions="4" time="0.001299"/>
      <testcase name="test_generate_filename" class="Tests_Image_Editor" file="/var/www/wordpress-unit-tests/tests/image/editor.php" line="77" assertions="5" time="0.001662"/>
      <testcase name="test_get_size" class="Tests_Image_Editor" file="/var/www/wordpress-unit-tests/tests/image/editor.php" line="109" assertions="2" time="0.003311"/>
      <testcase name="test_get_suffix" class="Tests_Image_Editor" file="/var/www/wordpress-unit-tests/tests/image/editor.php" line="132" assertions="2" time="0.001028"/>
    </testsuite>
  </testsuite>
</testsuites>
